<?xml version="1.0" encoding="UTF-8"?>
<testsuite name="[Registro]" tests="1" skipped="0" failures="1" errors="0" timestamp="2020-09-13T17:18:50" hostname="SQA-1949" time="0.101">
  <properties/>
  <testcase name="[1.1:31] Loguin Exitoso" classname="[Registro]" time="0.101">
    <failure message="com.intuit.karate.exception.KarateException: Registro.feature:18 - javascript evaluation failed: Java.type('utils.ValidateFieldToField').validateJsonFieldToField(jsonParametroRegistroUsuario), 1" type="com.intuit.karate.exception.KarateException">com.intuit.karate.exception.KarateException: Registro.feature:18 - javascript evaluation failed: Java.type('utils.ValidateFieldToField').validateJsonFieldToField(jsonParametroRegistroUsuario), 1
	at ✽.* def f = Java.type('utils.ValidateFieldToField').validateJsonFieldToField(jsonParametroRegistroUsuario) (Registro.feature:18)
</failure>
  </testcase>
  <system-out><![CDATA[12:18:50.519 [Test worker] DEBUG com.jayway.jsonpath.internal.path.CompiledPath - Evaluating path: $
12:18:50.538 [Test worker] DEBUG com.jayway.jsonpath.internal.path.CompiledPath - Evaluating path: $
]]></system-out>
  <system-err><![CDATA[]]></system-err>
</testsuite>
