<?xml version="1.0" encoding="UTF-8"?>
<testsuite name="com.co.wolox.certificacion.runners.TestParallel" tests="1" skipped="0" failures="0" errors="0" timestamp="2020-09-13T20:40:17" hostname="SQA-1949" time="8.032">
  <properties/>
  <testcase name="testParallel" classname="com.co.wolox.certificacion.runners.TestParallel" time="8.032"/>
  <system-out><![CDATA[15:40:17.754 [ForkJoinPool-1-worker-1] WARN com.intuit.karate - skipping bootstrap configuration: could not find or read file: classpath:karate-config.js
15:40:17.754 [ForkJoinPool-1-worker-2] WARN com.intuit.karate - skipping bootstrap configuration: could not find or read file: classpath:karate-config.js
15:40:17.754 [ForkJoinPool-1-worker-3] WARN com.intuit.karate - skipping bootstrap configuration: could not find or read file: classpath:karate-config.js
15:40:17.790 [ForkJoinPool-1-worker-1] INFO com.intuit.karate - scenario called at line: 8 by tag: @FlujoExitoso
15:40:17.848 [ForkJoinPool-1-worker-2] DEBUG com.jayway.jsonpath.internal.path.CompiledPath - Evaluating path: $
15:40:17.848 [ForkJoinPool-1-worker-3] DEBUG com.jayway.jsonpath.internal.path.CompiledPath - Evaluating path: $
15:40:17.848 [ForkJoinPool-1-worker-1] DEBUG com.jayway.jsonpath.internal.path.CompiledPath - Evaluating path: $
15:40:18.435 [ForkJoinPool-1-worker-1] DEBUG org.apache.http.client.protocol.RequestAddCookies - CookieSpec selected: karate
15:40:18.435 [ForkJoinPool-1-worker-3] DEBUG org.apache.http.client.protocol.RequestAddCookies - CookieSpec selected: karate
15:40:18.435 [ForkJoinPool-1-worker-2] DEBUG org.apache.http.client.protocol.RequestAddCookies - CookieSpec selected: karate
15:40:18.445 [ForkJoinPool-1-worker-3] DEBUG org.apache.http.client.protocol.RequestAuthCache - Auth cache not set in the context
15:40:18.445 [ForkJoinPool-1-worker-2] DEBUG org.apache.http.client.protocol.RequestAuthCache - Auth cache not set in the context
15:40:18.445 [ForkJoinPool-1-worker-1] DEBUG org.apache.http.client.protocol.RequestAuthCache - Auth cache not set in the context
15:40:18.447 [ForkJoinPool-1-worker-2] DEBUG com.intuit.karate - request:
1 > POST https://nodejs-qa-training.herokuapp.com/users/sessions
1 > Accept-Encoding: gzip,deflate
1 > Connection: Keep-Alive
1 > Content-Length: 62
1 > Content-Type: application/json; charset=UTF-8
1 > Host: nodejs-qa-training.herokuapp.com
1 > User-Agent: Apache-HttpClient/4.5.5 (Java/1.8.0_191)
{"email":"admin@wolox.com.ar","password":"candidatoWolox2020"}

15:40:18.447 [ForkJoinPool-1-worker-1] DEBUG com.intuit.karate - request:
1 > POST https://nodejs-qa-training.herokuapp.com/users/sessions
1 > Accept-Encoding: gzip,deflate
1 > Connection: Keep-Alive
1 > Content-Length: 62
1 > Content-Type: application/json; charset=UTF-8
1 > Host: nodejs-qa-training.herokuapp.com
1 > User-Agent: Apache-HttpClient/4.5.5 (Java/1.8.0_191)
{"email":"admin@wolox.com.ar","password":"candidatoWolox2020"}

15:40:18.447 [ForkJoinPool-1-worker-3] DEBUG com.intuit.karate - request:
1 > POST https://nodejs-qa-training.herokuapp.com/users/
1 > Accept-Encoding: gzip,deflate
1 > Connection: Keep-Alive
1 > Content-Length: 118
1 > Content-Type: application/json; charset=UTF-8
1 > Host: nodejs-qa-training.herokuapp.com
1 > User-Agent: Apache-HttpClient/4.5.5 (Java/1.8.0_191)
{"email":"jose.bermuda@wolox.com.ar","password":"candidatoWolox2020","firstName":"Jose Antonio","lastName":"Bermudez"}

15:40:18.450 [ForkJoinPool-1-worker-2] DEBUG org.apache.http.impl.conn.PoolingHttpClientConnectionManager - Connection request: [route: {s}->https://nodejs-qa-training.herokuapp.com:443][total kept alive: 0; route allocated: 0 of 5; total allocated: 0 of 10]
15:40:18.450 [ForkJoinPool-1-worker-1] DEBUG org.apache.http.impl.conn.PoolingHttpClientConnectionManager - Connection request: [route: {s}->https://nodejs-qa-training.herokuapp.com:443][total kept alive: 0; route allocated: 0 of 5; total allocated: 0 of 10]
15:40:18.450 [ForkJoinPool-1-worker-3] DEBUG org.apache.http.impl.conn.PoolingHttpClientConnectionManager - Connection request: [route: {s}->https://nodejs-qa-training.herokuapp.com:443][total kept alive: 0; route allocated: 0 of 5; total allocated: 0 of 10]
15:40:18.468 [ForkJoinPool-1-worker-3] DEBUG org.apache.http.impl.conn.PoolingHttpClientConnectionManager - Connection leased: [id: 1][route: {s}->https://nodejs-qa-training.herokuapp.com:443][total kept alive: 0; route allocated: 1 of 5; total allocated: 1 of 10]
15:40:18.468 [ForkJoinPool-1-worker-1] DEBUG org.apache.http.impl.conn.PoolingHttpClientConnectionManager - Connection leased: [id: 2][route: {s}->https://nodejs-qa-training.herokuapp.com:443][total kept alive: 0; route allocated: 1 of 5; total allocated: 1 of 10]
15:40:18.468 [ForkJoinPool-1-worker-2] DEBUG org.apache.http.impl.conn.PoolingHttpClientConnectionManager - Connection leased: [id: 0][route: {s}->https://nodejs-qa-training.herokuapp.com:443][total kept alive: 0; route allocated: 1 of 5; total allocated: 1 of 10]
15:40:18.471 [ForkJoinPool-1-worker-1] DEBUG org.apache.http.impl.execchain.MainClientExec - Opening connection {s}->https://nodejs-qa-training.herokuapp.com:443
15:40:18.471 [ForkJoinPool-1-worker-2] DEBUG org.apache.http.impl.execchain.MainClientExec - Opening connection {s}->https://nodejs-qa-training.herokuapp.com:443
15:40:18.471 [ForkJoinPool-1-worker-3] DEBUG org.apache.http.impl.execchain.MainClientExec - Opening connection {s}->https://nodejs-qa-training.herokuapp.com:443
15:40:18.540 [ForkJoinPool-1-worker-1] DEBUG org.apache.http.impl.conn.DefaultHttpClientConnectionOperator - Connecting to nodejs-qa-training.herokuapp.com/3.233.183.24:443
15:40:18.540 [ForkJoinPool-1-worker-2] DEBUG org.apache.http.impl.conn.DefaultHttpClientConnectionOperator - Connecting to nodejs-qa-training.herokuapp.com/3.233.183.24:443
15:40:18.540 [ForkJoinPool-1-worker-3] DEBUG org.apache.http.impl.conn.DefaultHttpClientConnectionOperator - Connecting to nodejs-qa-training.herokuapp.com/3.233.183.24:443
15:40:18.540 [ForkJoinPool-1-worker-1] DEBUG org.apache.http.conn.ssl.SSLConnectionSocketFactory - Connecting socket to nodejs-qa-training.herokuapp.com/3.233.183.24:443 with timeout 30000
15:40:18.540 [ForkJoinPool-1-worker-2] DEBUG org.apache.http.conn.ssl.SSLConnectionSocketFactory - Connecting socket to nodejs-qa-training.herokuapp.com/3.233.183.24:443 with timeout 30000
15:40:18.540 [ForkJoinPool-1-worker-3] DEBUG org.apache.http.conn.ssl.SSLConnectionSocketFactory - Connecting socket to nodejs-qa-training.herokuapp.com/3.233.183.24:443 with timeout 30000
15:40:18.678 [ForkJoinPool-1-worker-3] DEBUG org.apache.http.conn.ssl.SSLConnectionSocketFactory - Enabled protocols: [TLSv1, TLSv1.1, TLSv1.2]
15:40:18.678 [ForkJoinPool-1-worker-3] DEBUG org.apache.http.conn.ssl.SSLConnectionSocketFactory - Enabled cipher suites:[TLS_ECDHE_ECDSA_WITH_AES_256_CBC_SHA384, TLS_ECDHE_RSA_WITH_AES_256_CBC_SHA384, TLS_RSA_WITH_AES_256_CBC_SHA256, TLS_ECDH_ECDSA_WITH_AES_256_CBC_SHA384, TLS_ECDH_RSA_WITH_AES_256_CBC_SHA384, TLS_DHE_RSA_WITH_AES_256_CBC_SHA256, TLS_DHE_DSS_WITH_AES_256_CBC_SHA256, TLS_ECDHE_ECDSA_WITH_AES_256_CBC_SHA, TLS_ECDHE_RSA_WITH_AES_256_CBC_SHA, TLS_RSA_WITH_AES_256_CBC_SHA, TLS_ECDH_ECDSA_WITH_AES_256_CBC_SHA, TLS_ECDH_RSA_WITH_AES_256_CBC_SHA, TLS_DHE_RSA_WITH_AES_256_CBC_SHA, TLS_DHE_DSS_WITH_AES_256_CBC_SHA, TLS_ECDHE_ECDSA_WITH_AES_128_CBC_SHA256, TLS_ECDHE_RSA_WITH_AES_128_CBC_SHA256, TLS_RSA_WITH_AES_128_CBC_SHA256, TLS_ECDH_ECDSA_WITH_AES_128_CBC_SHA256, TLS_ECDH_RSA_WITH_AES_128_CBC_SHA256, TLS_DHE_RSA_WITH_AES_128_CBC_SHA256, TLS_DHE_DSS_WITH_AES_128_CBC_SHA256, TLS_ECDHE_ECDSA_WITH_AES_128_CBC_SHA, TLS_ECDHE_RSA_WITH_AES_128_CBC_SHA, TLS_RSA_WITH_AES_128_CBC_SHA, TLS_ECDH_ECDSA_WITH_AES_128_CBC_SHA, TLS_ECDH_RSA_WITH_AES_128_CBC_SHA, TLS_DHE_RSA_WITH_AES_128_CBC_SHA, TLS_DHE_DSS_WITH_AES_128_CBC_SHA, TLS_ECDHE_ECDSA_WITH_AES_256_GCM_SHA384, TLS_ECDHE_ECDSA_WITH_AES_128_GCM_SHA256, TLS_ECDHE_RSA_WITH_AES_256_GCM_SHA384, TLS_RSA_WITH_AES_256_GCM_SHA384, TLS_ECDH_ECDSA_WITH_AES_256_GCM_SHA384, TLS_ECDH_RSA_WITH_AES_256_GCM_SHA384, TLS_DHE_RSA_WITH_AES_256_GCM_SHA384, TLS_DHE_DSS_WITH_AES_256_GCM_SHA384, TLS_ECDHE_RSA_WITH_AES_128_GCM_SHA256, TLS_RSA_WITH_AES_128_GCM_SHA256, TLS_ECDH_ECDSA_WITH_AES_128_GCM_SHA256, TLS_ECDH_RSA_WITH_AES_128_GCM_SHA256, TLS_DHE_RSA_WITH_AES_128_GCM_SHA256, TLS_DHE_DSS_WITH_AES_128_GCM_SHA256, TLS_EMPTY_RENEGOTIATION_INFO_SCSV]
15:40:18.678 [ForkJoinPool-1-worker-3] DEBUG org.apache.http.conn.ssl.SSLConnectionSocketFactory - Starting handshake
15:40:18.678 [ForkJoinPool-1-worker-2] DEBUG org.apache.http.conn.ssl.SSLConnectionSocketFactory - Enabled protocols: [TLSv1, TLSv1.1, TLSv1.2]
15:40:18.678 [ForkJoinPool-1-worker-1] DEBUG org.apache.http.conn.ssl.SSLConnectionSocketFactory - Enabled protocols: [TLSv1, TLSv1.1, TLSv1.2]
15:40:18.678 [ForkJoinPool-1-worker-2] DEBUG org.apache.http.conn.ssl.SSLConnectionSocketFactory - Enabled cipher suites:[TLS_ECDHE_ECDSA_WITH_AES_256_CBC_SHA384, TLS_ECDHE_RSA_WITH_AES_256_CBC_SHA384, TLS_RSA_WITH_AES_256_CBC_SHA256, TLS_ECDH_ECDSA_WITH_AES_256_CBC_SHA384, TLS_ECDH_RSA_WITH_AES_256_CBC_SHA384, TLS_DHE_RSA_WITH_AES_256_CBC_SHA256, TLS_DHE_DSS_WITH_AES_256_CBC_SHA256, TLS_ECDHE_ECDSA_WITH_AES_256_CBC_SHA, TLS_ECDHE_RSA_WITH_AES_256_CBC_SHA, TLS_RSA_WITH_AES_256_CBC_SHA, TLS_ECDH_ECDSA_WITH_AES_256_CBC_SHA, TLS_ECDH_RSA_WITH_AES_256_CBC_SHA, TLS_DHE_RSA_WITH_AES_256_CBC_SHA, TLS_DHE_DSS_WITH_AES_256_CBC_SHA, TLS_ECDHE_ECDSA_WITH_AES_128_CBC_SHA256, TLS_ECDHE_RSA_WITH_AES_128_CBC_SHA256, TLS_RSA_WITH_AES_128_CBC_SHA256, TLS_ECDH_ECDSA_WITH_AES_128_CBC_SHA256, TLS_ECDH_RSA_WITH_AES_128_CBC_SHA256, TLS_DHE_RSA_WITH_AES_128_CBC_SHA256, TLS_DHE_DSS_WITH_AES_128_CBC_SHA256, TLS_ECDHE_ECDSA_WITH_AES_128_CBC_SHA, TLS_ECDHE_RSA_WITH_AES_128_CBC_SHA, TLS_RSA_WITH_AES_128_CBC_SHA, TLS_ECDH_ECDSA_WITH_AES_128_CBC_SHA, TLS_ECDH_RSA_WITH_AES_128_CBC_SHA, TLS_DHE_RSA_WITH_AES_128_CBC_SHA, TLS_DHE_DSS_WITH_AES_128_CBC_SHA, TLS_ECDHE_ECDSA_WITH_AES_256_GCM_SHA384, TLS_ECDHE_ECDSA_WITH_AES_128_GCM_SHA256, TLS_ECDHE_RSA_WITH_AES_256_GCM_SHA384, TLS_RSA_WITH_AES_256_GCM_SHA384, TLS_ECDH_ECDSA_WITH_AES_256_GCM_SHA384, TLS_ECDH_RSA_WITH_AES_256_GCM_SHA384, TLS_DHE_RSA_WITH_AES_256_GCM_SHA384, TLS_DHE_DSS_WITH_AES_256_GCM_SHA384, TLS_ECDHE_RSA_WITH_AES_128_GCM_SHA256, TLS_RSA_WITH_AES_128_GCM_SHA256, TLS_ECDH_ECDSA_WITH_AES_128_GCM_SHA256, TLS_ECDH_RSA_WITH_AES_128_GCM_SHA256, TLS_DHE_RSA_WITH_AES_128_GCM_SHA256, TLS_DHE_DSS_WITH_AES_128_GCM_SHA256, TLS_EMPTY_RENEGOTIATION_INFO_SCSV]
15:40:18.678 [ForkJoinPool-1-worker-1] DEBUG org.apache.http.conn.ssl.SSLConnectionSocketFactory - Enabled cipher suites:[TLS_ECDHE_ECDSA_WITH_AES_256_CBC_SHA384, TLS_ECDHE_RSA_WITH_AES_256_CBC_SHA384, TLS_RSA_WITH_AES_256_CBC_SHA256, TLS_ECDH_ECDSA_WITH_AES_256_CBC_SHA384, TLS_ECDH_RSA_WITH_AES_256_CBC_SHA384, TLS_DHE_RSA_WITH_AES_256_CBC_SHA256, TLS_DHE_DSS_WITH_AES_256_CBC_SHA256, TLS_ECDHE_ECDSA_WITH_AES_256_CBC_SHA, TLS_ECDHE_RSA_WITH_AES_256_CBC_SHA, TLS_RSA_WITH_AES_256_CBC_SHA, TLS_ECDH_ECDSA_WITH_AES_256_CBC_SHA, TLS_ECDH_RSA_WITH_AES_256_CBC_SHA, TLS_DHE_RSA_WITH_AES_256_CBC_SHA, TLS_DHE_DSS_WITH_AES_256_CBC_SHA, TLS_ECDHE_ECDSA_WITH_AES_128_CBC_SHA256, TLS_ECDHE_RSA_WITH_AES_128_CBC_SHA256, TLS_RSA_WITH_AES_128_CBC_SHA256, TLS_ECDH_ECDSA_WITH_AES_128_CBC_SHA256, TLS_ECDH_RSA_WITH_AES_128_CBC_SHA256, TLS_DHE_RSA_WITH_AES_128_CBC_SHA256, TLS_DHE_DSS_WITH_AES_128_CBC_SHA256, TLS_ECDHE_ECDSA_WITH_AES_128_CBC_SHA, TLS_ECDHE_RSA_WITH_AES_128_CBC_SHA, TLS_RSA_WITH_AES_128_CBC_SHA, TLS_ECDH_ECDSA_WITH_AES_128_CBC_SHA, TLS_ECDH_RSA_WITH_AES_128_CBC_SHA, TLS_DHE_RSA_WITH_AES_128_CBC_SHA, TLS_DHE_DSS_WITH_AES_128_CBC_SHA, TLS_ECDHE_ECDSA_WITH_AES_256_GCM_SHA384, TLS_ECDHE_ECDSA_WITH_AES_128_GCM_SHA256, TLS_ECDHE_RSA_WITH_AES_256_GCM_SHA384, TLS_RSA_WITH_AES_256_GCM_SHA384, TLS_ECDH_ECDSA_WITH_AES_256_GCM_SHA384, TLS_ECDH_RSA_WITH_AES_256_GCM_SHA384, TLS_DHE_RSA_WITH_AES_256_GCM_SHA384, TLS_DHE_DSS_WITH_AES_256_GCM_SHA384, TLS_ECDHE_RSA_WITH_AES_128_GCM_SHA256, TLS_RSA_WITH_AES_128_GCM_SHA256, TLS_ECDH_ECDSA_WITH_AES_128_GCM_SHA256, TLS_ECDH_RSA_WITH_AES_128_GCM_SHA256, TLS_DHE_RSA_WITH_AES_128_GCM_SHA256, TLS_DHE_DSS_WITH_AES_128_GCM_SHA256, TLS_EMPTY_RENEGOTIATION_INFO_SCSV]
15:40:18.678 [ForkJoinPool-1-worker-2] DEBUG org.apache.http.conn.ssl.SSLConnectionSocketFactory - Starting handshake
15:40:18.678 [ForkJoinPool-1-worker-1] DEBUG org.apache.http.conn.ssl.SSLConnectionSocketFactory - Starting handshake
15:40:18.913 [ForkJoinPool-1-worker-1] DEBUG org.apache.http.conn.ssl.SSLConnectionSocketFactory - Secure session established
15:40:18.913 [ForkJoinPool-1-worker-1] DEBUG org.apache.http.conn.ssl.SSLConnectionSocketFactory -  negotiated protocol: TLSv1.2
15:40:18.913 [ForkJoinPool-1-worker-1] DEBUG org.apache.http.conn.ssl.SSLConnectionSocketFactory -  negotiated cipher suite: TLS_ECDHE_RSA_WITH_AES_128_GCM_SHA256
15:40:18.914 [ForkJoinPool-1-worker-1] DEBUG org.apache.http.conn.ssl.SSLConnectionSocketFactory -  peer principal: CN=*.herokuapp.com, O="Heroku, Inc.", L=San Francisco, ST=California, C=US
15:40:18.914 [ForkJoinPool-1-worker-1] DEBUG org.apache.http.conn.ssl.SSLConnectionSocketFactory -  peer alternative names: [*.herokuapp.com, herokuapp.com]
15:40:18.914 [ForkJoinPool-1-worker-1] DEBUG org.apache.http.conn.ssl.SSLConnectionSocketFactory -  issuer principal: CN=DigiCert SHA2 High Assurance Server CA, OU=www.digicert.com, O=DigiCert Inc, C=US
15:40:18.917 [ForkJoinPool-1-worker-2] DEBUG org.apache.http.conn.ssl.SSLConnectionSocketFactory - Secure session established
15:40:18.917 [ForkJoinPool-1-worker-3] DEBUG org.apache.http.conn.ssl.SSLConnectionSocketFactory - Secure session established
15:40:18.918 [ForkJoinPool-1-worker-3] DEBUG org.apache.http.conn.ssl.SSLConnectionSocketFactory -  negotiated protocol: TLSv1.2
15:40:18.917 [ForkJoinPool-1-worker-1] DEBUG org.apache.http.impl.conn.DefaultHttpClientConnectionOperator - Connection established 192.168.0.10:57459<->3.233.183.24:443
15:40:18.918 [ForkJoinPool-1-worker-2] DEBUG org.apache.http.conn.ssl.SSLConnectionSocketFactory -  negotiated protocol: TLSv1.2
15:40:18.918 [ForkJoinPool-1-worker-3] DEBUG org.apache.http.conn.ssl.SSLConnectionSocketFactory -  negotiated cipher suite: TLS_ECDHE_RSA_WITH_AES_128_GCM_SHA256
15:40:18.918 [ForkJoinPool-1-worker-2] DEBUG org.apache.http.conn.ssl.SSLConnectionSocketFactory -  negotiated cipher suite: TLS_ECDHE_RSA_WITH_AES_128_GCM_SHA256
15:40:18.918 [ForkJoinPool-1-worker-3] DEBUG org.apache.http.conn.ssl.SSLConnectionSocketFactory -  peer principal: CN=*.herokuapp.com, O="Heroku, Inc.", L=San Francisco, ST=California, C=US
15:40:18.918 [ForkJoinPool-1-worker-1] DEBUG org.apache.http.impl.conn.DefaultManagedHttpClientConnection - http-outgoing-1: set socket timeout to 30000
15:40:18.918 [ForkJoinPool-1-worker-2] DEBUG org.apache.http.conn.ssl.SSLConnectionSocketFactory -  peer principal: CN=*.herokuapp.com, O="Heroku, Inc.", L=San Francisco, ST=California, C=US
15:40:18.918 [ForkJoinPool-1-worker-3] DEBUG org.apache.http.conn.ssl.SSLConnectionSocketFactory -  peer alternative names: [*.herokuapp.com, herokuapp.com]
15:40:18.918 [ForkJoinPool-1-worker-2] DEBUG org.apache.http.conn.ssl.SSLConnectionSocketFactory -  peer alternative names: [*.herokuapp.com, herokuapp.com]
15:40:18.918 [ForkJoinPool-1-worker-3] DEBUG org.apache.http.conn.ssl.SSLConnectionSocketFactory -  issuer principal: CN=DigiCert SHA2 High Assurance Server CA, OU=www.digicert.com, O=DigiCert Inc, C=US
15:40:18.918 [ForkJoinPool-1-worker-1] DEBUG org.apache.http.impl.execchain.MainClientExec - Executing request POST /users/sessions HTTP/1.1
15:40:18.918 [ForkJoinPool-1-worker-2] DEBUG org.apache.http.conn.ssl.SSLConnectionSocketFactory -  issuer principal: CN=DigiCert SHA2 High Assurance Server CA, OU=www.digicert.com, O=DigiCert Inc, C=US
15:40:18.918 [ForkJoinPool-1-worker-1] DEBUG org.apache.http.impl.execchain.MainClientExec - Target auth state: UNCHALLENGED
15:40:18.919 [ForkJoinPool-1-worker-3] DEBUG org.apache.http.impl.conn.DefaultHttpClientConnectionOperator - Connection established 192.168.0.10:57461<->3.233.183.24:443
15:40:18.919 [ForkJoinPool-1-worker-2] DEBUG org.apache.http.impl.conn.DefaultHttpClientConnectionOperator - Connection established 192.168.0.10:57460<->3.233.183.24:443
15:40:18.919 [ForkJoinPool-1-worker-3] DEBUG org.apache.http.impl.conn.DefaultManagedHttpClientConnection - http-outgoing-0: set socket timeout to 30000
15:40:18.919 [ForkJoinPool-1-worker-2] DEBUG org.apache.http.impl.conn.DefaultManagedHttpClientConnection - http-outgoing-2: set socket timeout to 30000
15:40:18.919 [ForkJoinPool-1-worker-3] DEBUG org.apache.http.impl.execchain.MainClientExec - Executing request POST /users/ HTTP/1.1
15:40:18.919 [ForkJoinPool-1-worker-2] DEBUG org.apache.http.impl.execchain.MainClientExec - Executing request POST /users/sessions HTTP/1.1
15:40:18.919 [ForkJoinPool-1-worker-3] DEBUG org.apache.http.impl.execchain.MainClientExec - Target auth state: UNCHALLENGED
15:40:18.919 [ForkJoinPool-1-worker-2] DEBUG org.apache.http.impl.execchain.MainClientExec - Target auth state: UNCHALLENGED
15:40:18.919 [ForkJoinPool-1-worker-3] DEBUG org.apache.http.impl.execchain.MainClientExec - Proxy auth state: UNCHALLENGED
15:40:18.919 [ForkJoinPool-1-worker-2] DEBUG org.apache.http.impl.execchain.MainClientExec - Proxy auth state: UNCHALLENGED
15:40:18.919 [ForkJoinPool-1-worker-1] DEBUG org.apache.http.impl.execchain.MainClientExec - Proxy auth state: UNCHALLENGED
15:40:18.921 [ForkJoinPool-1-worker-1] DEBUG org.apache.http.headers - http-outgoing-1 >> POST /users/sessions HTTP/1.1
15:40:18.921 [ForkJoinPool-1-worker-3] DEBUG org.apache.http.headers - http-outgoing-0 >> POST /users/ HTTP/1.1
15:40:18.921 [ForkJoinPool-1-worker-2] DEBUG org.apache.http.headers - http-outgoing-2 >> POST /users/sessions HTTP/1.1
15:40:18.921 [ForkJoinPool-1-worker-1] DEBUG org.apache.http.headers - http-outgoing-1 >> Content-Type: application/json; charset=UTF-8
15:40:18.921 [ForkJoinPool-1-worker-3] DEBUG org.apache.http.headers - http-outgoing-0 >> Content-Type: application/json; charset=UTF-8
15:40:18.922 [ForkJoinPool-1-worker-2] DEBUG org.apache.http.headers - http-outgoing-2 >> Content-Type: application/json; charset=UTF-8
15:40:18.922 [ForkJoinPool-1-worker-1] DEBUG org.apache.http.headers - http-outgoing-1 >> Content-Length: 62
15:40:18.922 [ForkJoinPool-1-worker-3] DEBUG org.apache.http.headers - http-outgoing-0 >> Content-Length: 118
15:40:18.922 [ForkJoinPool-1-worker-2] DEBUG org.apache.http.headers - http-outgoing-2 >> Content-Length: 62
15:40:18.922 [ForkJoinPool-1-worker-1] DEBUG org.apache.http.headers - http-outgoing-1 >> Host: nodejs-qa-training.herokuapp.com
15:40:18.922 [ForkJoinPool-1-worker-3] DEBUG org.apache.http.headers - http-outgoing-0 >> Host: nodejs-qa-training.herokuapp.com
15:40:18.922 [ForkJoinPool-1-worker-2] DEBUG org.apache.http.headers - http-outgoing-2 >> Host: nodejs-qa-training.herokuapp.com
15:40:18.922 [ForkJoinPool-1-worker-1] DEBUG org.apache.http.headers - http-outgoing-1 >> Connection: Keep-Alive
15:40:18.922 [ForkJoinPool-1-worker-3] DEBUG org.apache.http.headers - http-outgoing-0 >> Connection: Keep-Alive
15:40:18.922 [ForkJoinPool-1-worker-2] DEBUG org.apache.http.headers - http-outgoing-2 >> Connection: Keep-Alive
15:40:18.922 [ForkJoinPool-1-worker-1] DEBUG org.apache.http.headers - http-outgoing-1 >> User-Agent: Apache-HttpClient/4.5.5 (Java/1.8.0_191)
15:40:18.922 [ForkJoinPool-1-worker-3] DEBUG org.apache.http.headers - http-outgoing-0 >> User-Agent: Apache-HttpClient/4.5.5 (Java/1.8.0_191)
15:40:18.922 [ForkJoinPool-1-worker-2] DEBUG org.apache.http.headers - http-outgoing-2 >> User-Agent: Apache-HttpClient/4.5.5 (Java/1.8.0_191)
15:40:18.922 [ForkJoinPool-1-worker-1] DEBUG org.apache.http.headers - http-outgoing-1 >> Accept-Encoding: gzip,deflate
15:40:18.922 [ForkJoinPool-1-worker-3] DEBUG org.apache.http.headers - http-outgoing-0 >> Accept-Encoding: gzip,deflate
15:40:18.922 [ForkJoinPool-1-worker-2] DEBUG org.apache.http.headers - http-outgoing-2 >> Accept-Encoding: gzip,deflate
15:40:18.923 [ForkJoinPool-1-worker-2] DEBUG org.apache.http.wire - http-outgoing-2 >> "POST /users/sessions HTTP/1.1[\r][\n]"
15:40:18.923 [ForkJoinPool-1-worker-1] DEBUG org.apache.http.wire - http-outgoing-1 >> "POST /users/sessions HTTP/1.1[\r][\n]"
15:40:18.923 [ForkJoinPool-1-worker-3] DEBUG org.apache.http.wire - http-outgoing-0 >> "POST /users/ HTTP/1.1[\r][\n]"
15:40:18.923 [ForkJoinPool-1-worker-2] DEBUG org.apache.http.wire - http-outgoing-2 >> "Content-Type: application/json; charset=UTF-8[\r][\n]"
15:40:18.923 [ForkJoinPool-1-worker-1] DEBUG org.apache.http.wire - http-outgoing-1 >> "Content-Type: application/json; charset=UTF-8[\r][\n]"
15:40:18.923 [ForkJoinPool-1-worker-3] DEBUG org.apache.http.wire - http-outgoing-0 >> "Content-Type: application/json; charset=UTF-8[\r][\n]"
15:40:18.923 [ForkJoinPool-1-worker-2] DEBUG org.apache.http.wire - http-outgoing-2 >> "Content-Length: 62[\r][\n]"
15:40:18.923 [ForkJoinPool-1-worker-1] DEBUG org.apache.http.wire - http-outgoing-1 >> "Content-Length: 62[\r][\n]"
15:40:18.923 [ForkJoinPool-1-worker-3] DEBUG org.apache.http.wire - http-outgoing-0 >> "Content-Length: 118[\r][\n]"
15:40:18.923 [ForkJoinPool-1-worker-2] DEBUG org.apache.http.wire - http-outgoing-2 >> "Host: nodejs-qa-training.herokuapp.com[\r][\n]"
15:40:18.923 [ForkJoinPool-1-worker-1] DEBUG org.apache.http.wire - http-outgoing-1 >> "Host: nodejs-qa-training.herokuapp.com[\r][\n]"
15:40:18.924 [ForkJoinPool-1-worker-2] DEBUG org.apache.http.wire - http-outgoing-2 >> "Connection: Keep-Alive[\r][\n]"
15:40:18.924 [ForkJoinPool-1-worker-3] DEBUG org.apache.http.wire - http-outgoing-0 >> "Host: nodejs-qa-training.herokuapp.com[\r][\n]"
15:40:18.924 [ForkJoinPool-1-worker-1] DEBUG org.apache.http.wire - http-outgoing-1 >> "Connection: Keep-Alive[\r][\n]"
15:40:18.924 [ForkJoinPool-1-worker-2] DEBUG org.apache.http.wire - http-outgoing-2 >> "User-Agent: Apache-HttpClient/4.5.5 (Java/1.8.0_191)[\r][\n]"
15:40:18.924 [ForkJoinPool-1-worker-3] DEBUG org.apache.http.wire - http-outgoing-0 >> "Connection: Keep-Alive[\r][\n]"
15:40:18.924 [ForkJoinPool-1-worker-1] DEBUG org.apache.http.wire - http-outgoing-1 >> "User-Agent: Apache-HttpClient/4.5.5 (Java/1.8.0_191)[\r][\n]"
15:40:18.924 [ForkJoinPool-1-worker-2] DEBUG org.apache.http.wire - http-outgoing-2 >> "Accept-Encoding: gzip,deflate[\r][\n]"
15:40:18.924 [ForkJoinPool-1-worker-3] DEBUG org.apache.http.wire - http-outgoing-0 >> "User-Agent: Apache-HttpClient/4.5.5 (Java/1.8.0_191)[\r][\n]"
15:40:18.924 [ForkJoinPool-1-worker-1] DEBUG org.apache.http.wire - http-outgoing-1 >> "Accept-Encoding: gzip,deflate[\r][\n]"
15:40:18.924 [ForkJoinPool-1-worker-2] DEBUG org.apache.http.wire - http-outgoing-2 >> "[\r][\n]"
15:40:18.924 [ForkJoinPool-1-worker-3] DEBUG org.apache.http.wire - http-outgoing-0 >> "Accept-Encoding: gzip,deflate[\r][\n]"
15:40:18.924 [ForkJoinPool-1-worker-1] DEBUG org.apache.http.wire - http-outgoing-1 >> "[\r][\n]"
15:40:18.924 [ForkJoinPool-1-worker-2] DEBUG org.apache.http.wire - http-outgoing-2 >> "{"email":"admin@wolox.com.ar","password":"candidatoWolox2020"}"
15:40:18.924 [ForkJoinPool-1-worker-3] DEBUG org.apache.http.wire - http-outgoing-0 >> "[\r][\n]"
15:40:18.924 [ForkJoinPool-1-worker-1] DEBUG org.apache.http.wire - http-outgoing-1 >> "{"email":"admin@wolox.com.ar","password":"candidatoWolox2020"}"
15:40:18.925 [ForkJoinPool-1-worker-3] DEBUG org.apache.http.wire - http-outgoing-0 >> "{"email":"jose.bermuda@wolox.com.ar","password":"candidatoWolox2020","firstName":"Jose Antonio","lastName":"Bermudez"}"
15:40:19.348 [ForkJoinPool-1-worker-1] DEBUG org.apache.http.wire - http-outgoing-1 << "HTTP/1.1 200 OK[\r][\n]"
15:40:19.348 [ForkJoinPool-1-worker-1] DEBUG org.apache.http.wire - http-outgoing-1 << "Server: Cowboy[\r][\n]"
15:40:19.348 [ForkJoinPool-1-worker-1] DEBUG org.apache.http.wire - http-outgoing-1 << "Connection: keep-alive[\r][\n]"
15:40:19.349 [ForkJoinPool-1-worker-1] DEBUG org.apache.http.wire - http-outgoing-1 << "X-Powered-By: Express[\r][\n]"
15:40:19.349 [ForkJoinPool-1-worker-1] DEBUG org.apache.http.wire - http-outgoing-1 << "Authorization: eyJ0eXAiOiJKV1QiLCJhbGciOiJIUzI1NiJ9.eyJ1c2VySWQiOjE0Niwicm9sZSI6ImFkbWluIiwiaWF0IjoxNjAwMDI5NjIwLjU1MywiZXhwIjoxNjAwMDMxNDIwLjU1M30.N-FXxFe1mXpRPaCcDX3IE2OpCvYWrPQxgniOWnKlLmw[\r][\n]"
15:40:19.349 [ForkJoinPool-1-worker-1] DEBUG org.apache.http.wire - http-outgoing-1 << "Content-Type: application/json; charset=utf-8[\r][\n]"
15:40:19.349 [ForkJoinPool-1-worker-1] DEBUG org.apache.http.wire - http-outgoing-1 << "Content-Length: 51[\r][\n]"
15:40:19.349 [ForkJoinPool-1-worker-1] DEBUG org.apache.http.wire - http-outgoing-1 << "Etag: W/"33-sfiJWplo/oa4J8OsyGe8bG5dmBo"[\r][\n]"
15:40:19.349 [ForkJoinPool-1-worker-1] DEBUG org.apache.http.wire - http-outgoing-1 << "Date: Sun, 13 Sep 2020 20:40:20 GMT[\r][\n]"
15:40:19.349 [ForkJoinPool-1-worker-1] DEBUG org.apache.http.wire - http-outgoing-1 << "Via: 1.1 vegur[\r][\n]"
15:40:19.349 [ForkJoinPool-1-worker-1] DEBUG org.apache.http.wire - http-outgoing-1 << "[\r][\n]"
15:40:19.349 [ForkJoinPool-1-worker-1] DEBUG org.apache.http.wire - http-outgoing-1 << "{"user_id":146,"token_expires_at":"1600031420.553"}"
15:40:19.356 [ForkJoinPool-1-worker-1] DEBUG org.apache.http.headers - http-outgoing-1 << HTTP/1.1 200 OK
15:40:19.356 [ForkJoinPool-1-worker-1] DEBUG org.apache.http.headers - http-outgoing-1 << Server: Cowboy
15:40:19.356 [ForkJoinPool-1-worker-1] DEBUG org.apache.http.headers - http-outgoing-1 << Connection: keep-alive
15:40:19.356 [ForkJoinPool-1-worker-1] DEBUG org.apache.http.headers - http-outgoing-1 << X-Powered-By: Express
15:40:19.356 [ForkJoinPool-1-worker-1] DEBUG org.apache.http.headers - http-outgoing-1 << Authorization: eyJ0eXAiOiJKV1QiLCJhbGciOiJIUzI1NiJ9.eyJ1c2VySWQiOjE0Niwicm9sZSI6ImFkbWluIiwiaWF0IjoxNjAwMDI5NjIwLjU1MywiZXhwIjoxNjAwMDMxNDIwLjU1M30.N-FXxFe1mXpRPaCcDX3IE2OpCvYWrPQxgniOWnKlLmw
15:40:19.356 [ForkJoinPool-1-worker-1] DEBUG org.apache.http.headers - http-outgoing-1 << Content-Type: application/json; charset=utf-8
15:40:19.356 [ForkJoinPool-1-worker-1] DEBUG org.apache.http.headers - http-outgoing-1 << Content-Length: 51
15:40:19.356 [ForkJoinPool-1-worker-1] DEBUG org.apache.http.headers - http-outgoing-1 << Etag: W/"33-sfiJWplo/oa4J8OsyGe8bG5dmBo"
15:40:19.356 [ForkJoinPool-1-worker-1] DEBUG org.apache.http.headers - http-outgoing-1 << Date: Sun, 13 Sep 2020 20:40:20 GMT
15:40:19.356 [ForkJoinPool-1-worker-1] DEBUG org.apache.http.headers - http-outgoing-1 << Via: 1.1 vegur
15:40:19.359 [ForkJoinPool-1-worker-1] DEBUG org.apache.http.impl.execchain.MainClientExec - Connection can be kept alive indefinitely
15:40:19.364 [ForkJoinPool-1-worker-1] DEBUG org.apache.http.impl.conn.PoolingHttpClientConnectionManager - Connection [id: 2][route: {s}->https://nodejs-qa-training.herokuapp.com:443] can be kept alive indefinitely
15:40:19.364 [ForkJoinPool-1-worker-1] DEBUG org.apache.http.impl.conn.DefaultManagedHttpClientConnection - http-outgoing-1: set socket timeout to 0
15:40:19.364 [ForkJoinPool-1-worker-1] DEBUG org.apache.http.impl.conn.PoolingHttpClientConnectionManager - Connection released: [id: 2][route: {s}->https://nodejs-qa-training.herokuapp.com:443][total kept alive: 1; route allocated: 1 of 5; total allocated: 1 of 10]
15:40:19.364 [ForkJoinPool-1-worker-1] DEBUG com.intuit.karate - response time in milliseconds: 914,37
1 < 200
1 < Authorization: eyJ0eXAiOiJKV1QiLCJhbGciOiJIUzI1NiJ9.eyJ1c2VySWQiOjE0Niwicm9sZSI6ImFkbWluIiwiaWF0IjoxNjAwMDI5NjIwLjU1MywiZXhwIjoxNjAwMDMxNDIwLjU1M30.N-FXxFe1mXpRPaCcDX3IE2OpCvYWrPQxgniOWnKlLmw
1 < Connection: keep-alive
1 < Content-Length: 51
1 < Content-Type: application/json; charset=utf-8
1 < Date: Sun, 13 Sep 2020 20:40:20 GMT
1 < Etag: W/"33-sfiJWplo/oa4J8OsyGe8bG5dmBo"
1 < Server: Cowboy
1 < Via: 1.1 vegur
1 < X-Powered-By: Express
{"user_id":146,"token_expires_at":"1600031420.553"}

15:40:19.372 [ForkJoinPool-1-worker-1] DEBUG com.jayway.jsonpath.internal.path.CompiledPath - Evaluating path: $
15:40:19.372 [ForkJoinPool-1-worker-1] DEBUG com.jayway.jsonpath.internal.path.CompiledPath - Evaluating path: $
15:40:19.373 [ForkJoinPool-1-worker-1] DEBUG com.jayway.jsonpath.internal.path.CompiledPath - Evaluating path: $
15:40:19.378 [ForkJoinPool-1-worker-1] DEBUG com.jayway.jsonpath.internal.path.CompiledPath - Evaluating path: $
15:40:19.378 [ForkJoinPool-1-worker-1] DEBUG com.jayway.jsonpath.internal.path.CompiledPath - Evaluating path: $
15:40:19.379 [ForkJoinPool-1-worker-1] DEBUG com.jayway.jsonpath.internal.path.CompiledPath - Evaluating path: $
15:40:19.379 [ForkJoinPool-1-worker-1] DEBUG com.jayway.jsonpath.internal.path.CompiledPath - Evaluating path: $
15:40:19.380 [ForkJoinPool-1-worker-1] INFO com.intuit.karate - [print] {
  "user_id": 146,
  "token_expires_at": "1600031420.553"
}

15:40:19.385 [ForkJoinPool-1-worker-1] DEBUG com.jayway.jsonpath.internal.path.CompiledPath - Evaluating path: $
15:40:19.415 [ForkJoinPool-1-worker-1] DEBUG org.apache.http.client.protocol.RequestAddCookies - CookieSpec selected: karate
15:40:19.415 [ForkJoinPool-1-worker-1] DEBUG org.apache.http.client.protocol.RequestAuthCache - Auth cache not set in the context
15:40:19.415 [ForkJoinPool-1-worker-1] DEBUG com.intuit.karate - request:
1 > POST https://nodejs-qa-training.herokuapp.com/albums/23
1 > Accept-Encoding: gzip,deflate
1 > Authorization: eyJ0eXAiOiJKV1QiLCJhbGciOiJIUzI1NiJ9.eyJ1c2VySWQiOjE0Niwicm9sZSI6ImFkbWluIiwiaWF0IjoxNjAwMDI5NjIwLjU1MywiZXhwIjoxNjAwMDMxNDIwLjU1M30.N-FXxFe1mXpRPaCcDX3IE2OpCvYWrPQxgniOWnKlLmw
1 > Connection: Keep-Alive
1 > Content-Length: 2
1 > Content-Type: application/json; charset=UTF-8
1 > Host: nodejs-qa-training.herokuapp.com
1 > User-Agent: Apache-HttpClient/4.5.5 (Java/1.8.0_191)
{}

15:40:19.416 [ForkJoinPool-1-worker-1] DEBUG org.apache.http.impl.conn.PoolingHttpClientConnectionManager - Connection request: [route: {s}->https://nodejs-qa-training.herokuapp.com:443][total kept alive: 0; route allocated: 0 of 5; total allocated: 0 of 10]
15:40:19.418 [ForkJoinPool-1-worker-1] DEBUG org.apache.http.impl.conn.PoolingHttpClientConnectionManager - Connection leased: [id: 3][route: {s}->https://nodejs-qa-training.herokuapp.com:443][total kept alive: 0; route allocated: 1 of 5; total allocated: 1 of 10]
15:40:19.418 [ForkJoinPool-1-worker-1] DEBUG org.apache.http.impl.execchain.MainClientExec - Opening connection {s}->https://nodejs-qa-training.herokuapp.com:443
15:40:19.419 [ForkJoinPool-1-worker-1] DEBUG org.apache.http.impl.conn.DefaultHttpClientConnectionOperator - Connecting to nodejs-qa-training.herokuapp.com/3.233.183.24:443
15:40:19.420 [ForkJoinPool-1-worker-1] DEBUG org.apache.http.conn.ssl.SSLConnectionSocketFactory - Connecting socket to nodejs-qa-training.herokuapp.com/3.233.183.24:443 with timeout 30000
15:40:19.479 [ForkJoinPool-1-worker-3] DEBUG org.apache.http.wire - http-outgoing-0 << "HTTP/1.1 201 Created[\r][\n]"
15:40:19.479 [ForkJoinPool-1-worker-3] DEBUG org.apache.http.wire - http-outgoing-0 << "Server: Cowboy[\r][\n]"
15:40:19.479 [ForkJoinPool-1-worker-3] DEBUG org.apache.http.wire - http-outgoing-0 << "Connection: keep-alive[\r][\n]"
15:40:19.479 [ForkJoinPool-1-worker-3] DEBUG org.apache.http.wire - http-outgoing-0 << "X-Powered-By: Express[\r][\n]"
15:40:19.479 [ForkJoinPool-1-worker-3] DEBUG org.apache.http.wire - http-outgoing-0 << "Content-Type: application/json; charset=utf-8[\r][\n]"
15:40:19.479 [ForkJoinPool-1-worker-3] DEBUG org.apache.http.wire - http-outgoing-0 << "Content-Length: 15[\r][\n]"
15:40:19.479 [ForkJoinPool-1-worker-3] DEBUG org.apache.http.wire - http-outgoing-0 << "Etag: W/"f-WKzu/ttSfHXyFOq07V/oLpjpZ1E"[\r][\n]"
15:40:19.479 [ForkJoinPool-1-worker-3] DEBUG org.apache.http.wire - http-outgoing-0 << "Date: Sun, 13 Sep 2020 20:40:20 GMT[\r][\n]"
15:40:19.479 [ForkJoinPool-1-worker-3] DEBUG org.apache.http.wire - http-outgoing-0 << "Via: 1.1 vegur[\r][\n]"
15:40:19.479 [ForkJoinPool-1-worker-3] DEBUG org.apache.http.wire - http-outgoing-0 << "[\r][\n]"
15:40:19.479 [ForkJoinPool-1-worker-3] DEBUG org.apache.http.wire - http-outgoing-0 << "{"user_id":274}"
15:40:19.480 [ForkJoinPool-1-worker-3] DEBUG org.apache.http.headers - http-outgoing-0 << HTTP/1.1 201 Created
15:40:19.480 [ForkJoinPool-1-worker-3] DEBUG org.apache.http.headers - http-outgoing-0 << Server: Cowboy
15:40:19.480 [ForkJoinPool-1-worker-3] DEBUG org.apache.http.headers - http-outgoing-0 << Connection: keep-alive
15:40:19.480 [ForkJoinPool-1-worker-3] DEBUG org.apache.http.headers - http-outgoing-0 << X-Powered-By: Express
15:40:19.480 [ForkJoinPool-1-worker-3] DEBUG org.apache.http.headers - http-outgoing-0 << Content-Type: application/json; charset=utf-8
15:40:19.480 [ForkJoinPool-1-worker-3] DEBUG org.apache.http.headers - http-outgoing-0 << Content-Length: 15
15:40:19.480 [ForkJoinPool-1-worker-3] DEBUG org.apache.http.headers - http-outgoing-0 << Etag: W/"f-WKzu/ttSfHXyFOq07V/oLpjpZ1E"
15:40:19.480 [ForkJoinPool-1-worker-3] DEBUG org.apache.http.headers - http-outgoing-0 << Date: Sun, 13 Sep 2020 20:40:20 GMT
15:40:19.480 [ForkJoinPool-1-worker-3] DEBUG org.apache.http.headers - http-outgoing-0 << Via: 1.1 vegur
15:40:19.480 [ForkJoinPool-1-worker-3] DEBUG org.apache.http.impl.execchain.MainClientExec - Connection can be kept alive indefinitely
15:40:19.481 [ForkJoinPool-1-worker-3] DEBUG org.apache.http.impl.conn.PoolingHttpClientConnectionManager - Connection [id: 1][route: {s}->https://nodejs-qa-training.herokuapp.com:443] can be kept alive indefinitely
15:40:19.481 [ForkJoinPool-1-worker-3] DEBUG org.apache.http.impl.conn.DefaultManagedHttpClientConnection - http-outgoing-0: set socket timeout to 0
15:40:19.481 [ForkJoinPool-1-worker-3] DEBUG org.apache.http.impl.conn.PoolingHttpClientConnectionManager - Connection released: [id: 1][route: {s}->https://nodejs-qa-training.herokuapp.com:443][total kept alive: 1; route allocated: 1 of 5; total allocated: 1 of 10]
15:40:19.481 [ForkJoinPool-1-worker-3] DEBUG com.intuit.karate - response time in milliseconds: 1032,04
1 < 201
1 < Connection: keep-alive
1 < Content-Length: 15
1 < Content-Type: application/json; charset=utf-8
1 < Date: Sun, 13 Sep 2020 20:40:20 GMT
1 < Etag: W/"f-WKzu/ttSfHXyFOq07V/oLpjpZ1E"
1 < Server: Cowboy
1 < Via: 1.1 vegur
1 < X-Powered-By: Express
{"user_id":274}

15:40:19.482 [ForkJoinPool-1-worker-3] DEBUG com.jayway.jsonpath.internal.path.CompiledPath - Evaluating path: $
15:40:19.482 [ForkJoinPool-1-worker-3] INFO com.intuit.karate - [print] {
  "user_id": 274
}

15:40:19.487 [ForkJoinPool-1-worker-3] WARN com.intuit.karate - skipping bootstrap configuration: could not find or read file: classpath:karate-config.js
15:40:19.496 [ForkJoinPool-1-worker-3] INFO com.intuit.karate - scenario called at line: 8 by tag: @FlujoExitoso
15:40:19.500 [ForkJoinPool-1-worker-3] DEBUG com.jayway.jsonpath.internal.path.CompiledPath - Evaluating path: $
15:40:19.502 [ForkJoinPool-1-worker-3] DEBUG org.apache.http.client.protocol.RequestAddCookies - CookieSpec selected: karate
15:40:19.503 [ForkJoinPool-1-worker-3] DEBUG org.apache.http.client.protocol.RequestAuthCache - Auth cache not set in the context
15:40:19.503 [ForkJoinPool-1-worker-3] DEBUG com.intuit.karate - request:
1 > POST https://nodejs-qa-training.herokuapp.com/users/sessions
1 > Accept-Encoding: gzip,deflate
1 > Connection: Keep-Alive
1 > Content-Length: 62
1 > Content-Type: application/json; charset=UTF-8
1 > Host: nodejs-qa-training.herokuapp.com
1 > User-Agent: Apache-HttpClient/4.5.5 (Java/1.8.0_191)
{"email":"admin@wolox.com.ar","password":"candidatoWolox2020"}

15:40:19.503 [ForkJoinPool-1-worker-3] DEBUG org.apache.http.impl.conn.PoolingHttpClientConnectionManager - Connection request: [route: {s}->https://nodejs-qa-training.herokuapp.com:443][total kept alive: 0; route allocated: 0 of 5; total allocated: 0 of 10]
15:40:19.503 [ForkJoinPool-1-worker-3] DEBUG org.apache.http.impl.conn.PoolingHttpClientConnectionManager - Connection leased: [id: 4][route: {s}->https://nodejs-qa-training.herokuapp.com:443][total kept alive: 0; route allocated: 1 of 5; total allocated: 1 of 10]
15:40:19.503 [ForkJoinPool-1-worker-3] DEBUG org.apache.http.impl.execchain.MainClientExec - Opening connection {s}->https://nodejs-qa-training.herokuapp.com:443
15:40:19.503 [ForkJoinPool-1-worker-3] DEBUG org.apache.http.impl.conn.DefaultHttpClientConnectionOperator - Connecting to nodejs-qa-training.herokuapp.com/3.233.183.24:443
15:40:19.504 [ForkJoinPool-1-worker-3] DEBUG org.apache.http.conn.ssl.SSLConnectionSocketFactory - Connecting socket to nodejs-qa-training.herokuapp.com/3.233.183.24:443 with timeout 30000
15:40:19.522 [ForkJoinPool-1-worker-1] DEBUG org.apache.http.conn.ssl.SSLConnectionSocketFactory - Enabled protocols: [TLSv1, TLSv1.1, TLSv1.2]
15:40:19.522 [ForkJoinPool-1-worker-1] DEBUG org.apache.http.conn.ssl.SSLConnectionSocketFactory - Enabled cipher suites:[TLS_ECDHE_ECDSA_WITH_AES_256_CBC_SHA384, TLS_ECDHE_RSA_WITH_AES_256_CBC_SHA384, TLS_RSA_WITH_AES_256_CBC_SHA256, TLS_ECDH_ECDSA_WITH_AES_256_CBC_SHA384, TLS_ECDH_RSA_WITH_AES_256_CBC_SHA384, TLS_DHE_RSA_WITH_AES_256_CBC_SHA256, TLS_DHE_DSS_WITH_AES_256_CBC_SHA256, TLS_ECDHE_ECDSA_WITH_AES_256_CBC_SHA, TLS_ECDHE_RSA_WITH_AES_256_CBC_SHA, TLS_RSA_WITH_AES_256_CBC_SHA, TLS_ECDH_ECDSA_WITH_AES_256_CBC_SHA, TLS_ECDH_RSA_WITH_AES_256_CBC_SHA, TLS_DHE_RSA_WITH_AES_256_CBC_SHA, TLS_DHE_DSS_WITH_AES_256_CBC_SHA, TLS_ECDHE_ECDSA_WITH_AES_128_CBC_SHA256, TLS_ECDHE_RSA_WITH_AES_128_CBC_SHA256, TLS_RSA_WITH_AES_128_CBC_SHA256, TLS_ECDH_ECDSA_WITH_AES_128_CBC_SHA256, TLS_ECDH_RSA_WITH_AES_128_CBC_SHA256, TLS_DHE_RSA_WITH_AES_128_CBC_SHA256, TLS_DHE_DSS_WITH_AES_128_CBC_SHA256, TLS_ECDHE_ECDSA_WITH_AES_128_CBC_SHA, TLS_ECDHE_RSA_WITH_AES_128_CBC_SHA, TLS_RSA_WITH_AES_128_CBC_SHA, TLS_ECDH_ECDSA_WITH_AES_128_CBC_SHA, TLS_ECDH_RSA_WITH_AES_128_CBC_SHA, TLS_DHE_RSA_WITH_AES_128_CBC_SHA, TLS_DHE_DSS_WITH_AES_128_CBC_SHA, TLS_ECDHE_ECDSA_WITH_AES_256_GCM_SHA384, TLS_ECDHE_ECDSA_WITH_AES_128_GCM_SHA256, TLS_ECDHE_RSA_WITH_AES_256_GCM_SHA384, TLS_RSA_WITH_AES_256_GCM_SHA384, TLS_ECDH_ECDSA_WITH_AES_256_GCM_SHA384, TLS_ECDH_RSA_WITH_AES_256_GCM_SHA384, TLS_DHE_RSA_WITH_AES_256_GCM_SHA384, TLS_DHE_DSS_WITH_AES_256_GCM_SHA384, TLS_ECDHE_RSA_WITH_AES_128_GCM_SHA256, TLS_RSA_WITH_AES_128_GCM_SHA256, TLS_ECDH_ECDSA_WITH_AES_128_GCM_SHA256, TLS_ECDH_RSA_WITH_AES_128_GCM_SHA256, TLS_DHE_RSA_WITH_AES_128_GCM_SHA256, TLS_DHE_DSS_WITH_AES_128_GCM_SHA256, TLS_EMPTY_RENEGOTIATION_INFO_SCSV]
15:40:19.523 [ForkJoinPool-1-worker-1] DEBUG org.apache.http.conn.ssl.SSLConnectionSocketFactory - Starting handshake
15:40:19.594 [ForkJoinPool-1-worker-3] DEBUG org.apache.http.conn.ssl.SSLConnectionSocketFactory - Enabled protocols: [TLSv1, TLSv1.1, TLSv1.2]
15:40:19.594 [ForkJoinPool-1-worker-3] DEBUG org.apache.http.conn.ssl.SSLConnectionSocketFactory - Enabled cipher suites:[TLS_ECDHE_ECDSA_WITH_AES_256_CBC_SHA384, TLS_ECDHE_RSA_WITH_AES_256_CBC_SHA384, TLS_RSA_WITH_AES_256_CBC_SHA256, TLS_ECDH_ECDSA_WITH_AES_256_CBC_SHA384, TLS_ECDH_RSA_WITH_AES_256_CBC_SHA384, TLS_DHE_RSA_WITH_AES_256_CBC_SHA256, TLS_DHE_DSS_WITH_AES_256_CBC_SHA256, TLS_ECDHE_ECDSA_WITH_AES_256_CBC_SHA, TLS_ECDHE_RSA_WITH_AES_256_CBC_SHA, TLS_RSA_WITH_AES_256_CBC_SHA, TLS_ECDH_ECDSA_WITH_AES_256_CBC_SHA, TLS_ECDH_RSA_WITH_AES_256_CBC_SHA, TLS_DHE_RSA_WITH_AES_256_CBC_SHA, TLS_DHE_DSS_WITH_AES_256_CBC_SHA, TLS_ECDHE_ECDSA_WITH_AES_128_CBC_SHA256, TLS_ECDHE_RSA_WITH_AES_128_CBC_SHA256, TLS_RSA_WITH_AES_128_CBC_SHA256, TLS_ECDH_ECDSA_WITH_AES_128_CBC_SHA256, TLS_ECDH_RSA_WITH_AES_128_CBC_SHA256, TLS_DHE_RSA_WITH_AES_128_CBC_SHA256, TLS_DHE_DSS_WITH_AES_128_CBC_SHA256, TLS_ECDHE_ECDSA_WITH_AES_128_CBC_SHA, TLS_ECDHE_RSA_WITH_AES_128_CBC_SHA, TLS_RSA_WITH_AES_128_CBC_SHA, TLS_ECDH_ECDSA_WITH_AES_128_CBC_SHA, TLS_ECDH_RSA_WITH_AES_128_CBC_SHA, TLS_DHE_RSA_WITH_AES_128_CBC_SHA, TLS_DHE_DSS_WITH_AES_128_CBC_SHA, TLS_ECDHE_ECDSA_WITH_AES_256_GCM_SHA384, TLS_ECDHE_ECDSA_WITH_AES_128_GCM_SHA256, TLS_ECDHE_RSA_WITH_AES_256_GCM_SHA384, TLS_RSA_WITH_AES_256_GCM_SHA384, TLS_ECDH_ECDSA_WITH_AES_256_GCM_SHA384, TLS_ECDH_RSA_WITH_AES_256_GCM_SHA384, TLS_DHE_RSA_WITH_AES_256_GCM_SHA384, TLS_DHE_DSS_WITH_AES_256_GCM_SHA384, TLS_ECDHE_RSA_WITH_AES_128_GCM_SHA256, TLS_RSA_WITH_AES_128_GCM_SHA256, TLS_ECDH_ECDSA_WITH_AES_128_GCM_SHA256, TLS_ECDH_RSA_WITH_AES_128_GCM_SHA256, TLS_DHE_RSA_WITH_AES_128_GCM_SHA256, TLS_DHE_DSS_WITH_AES_128_GCM_SHA256, TLS_EMPTY_RENEGOTIATION_INFO_SCSV]
15:40:19.595 [ForkJoinPool-1-worker-3] DEBUG org.apache.http.conn.ssl.SSLConnectionSocketFactory - Starting handshake
15:40:19.780 [ForkJoinPool-1-worker-3] DEBUG org.apache.http.conn.ssl.SSLConnectionSocketFactory - Secure session established
15:40:19.780 [ForkJoinPool-1-worker-3] DEBUG org.apache.http.conn.ssl.SSLConnectionSocketFactory -  negotiated protocol: TLSv1.2
15:40:19.781 [ForkJoinPool-1-worker-3] DEBUG org.apache.http.conn.ssl.SSLConnectionSocketFactory -  negotiated cipher suite: TLS_ECDHE_RSA_WITH_AES_128_GCM_SHA256
15:40:19.781 [ForkJoinPool-1-worker-3] DEBUG org.apache.http.conn.ssl.SSLConnectionSocketFactory -  peer principal: CN=*.herokuapp.com, O="Heroku, Inc.", L=San Francisco, ST=California, C=US
15:40:19.781 [ForkJoinPool-1-worker-3] DEBUG org.apache.http.conn.ssl.SSLConnectionSocketFactory -  peer alternative names: [*.herokuapp.com, herokuapp.com]
15:40:19.781 [ForkJoinPool-1-worker-3] DEBUG org.apache.http.conn.ssl.SSLConnectionSocketFactory -  issuer principal: CN=DigiCert SHA2 High Assurance Server CA, OU=www.digicert.com, O=DigiCert Inc, C=US
15:40:19.781 [ForkJoinPool-1-worker-3] DEBUG org.apache.http.impl.conn.DefaultHttpClientConnectionOperator - Connection established 192.168.0.10:57463<->3.233.183.24:443
15:40:19.781 [ForkJoinPool-1-worker-3] DEBUG org.apache.http.impl.conn.DefaultManagedHttpClientConnection - http-outgoing-4: set socket timeout to 30000
15:40:19.781 [ForkJoinPool-1-worker-3] DEBUG org.apache.http.impl.execchain.MainClientExec - Executing request POST /users/sessions HTTP/1.1
15:40:19.781 [ForkJoinPool-1-worker-3] DEBUG org.apache.http.impl.execchain.MainClientExec - Target auth state: UNCHALLENGED
15:40:19.781 [ForkJoinPool-1-worker-3] DEBUG org.apache.http.impl.execchain.MainClientExec - Proxy auth state: UNCHALLENGED
15:40:19.781 [ForkJoinPool-1-worker-3] DEBUG org.apache.http.headers - http-outgoing-4 >> POST /users/sessions HTTP/1.1
15:40:19.781 [ForkJoinPool-1-worker-3] DEBUG org.apache.http.headers - http-outgoing-4 >> Content-Type: application/json; charset=UTF-8
15:40:19.781 [ForkJoinPool-1-worker-3] DEBUG org.apache.http.headers - http-outgoing-4 >> Content-Length: 62
15:40:19.782 [ForkJoinPool-1-worker-3] DEBUG org.apache.http.headers - http-outgoing-4 >> Host: nodejs-qa-training.herokuapp.com
15:40:19.782 [ForkJoinPool-1-worker-3] DEBUG org.apache.http.headers - http-outgoing-4 >> Connection: Keep-Alive
15:40:19.782 [ForkJoinPool-1-worker-3] DEBUG org.apache.http.headers - http-outgoing-4 >> User-Agent: Apache-HttpClient/4.5.5 (Java/1.8.0_191)
15:40:19.782 [ForkJoinPool-1-worker-3] DEBUG org.apache.http.headers - http-outgoing-4 >> Accept-Encoding: gzip,deflate
15:40:19.782 [ForkJoinPool-1-worker-3] DEBUG org.apache.http.wire - http-outgoing-4 >> "POST /users/sessions HTTP/1.1[\r][\n]"
15:40:19.782 [ForkJoinPool-1-worker-3] DEBUG org.apache.http.wire - http-outgoing-4 >> "Content-Type: application/json; charset=UTF-8[\r][\n]"
15:40:19.782 [ForkJoinPool-1-worker-3] DEBUG org.apache.http.wire - http-outgoing-4 >> "Content-Length: 62[\r][\n]"
15:40:19.782 [ForkJoinPool-1-worker-3] DEBUG org.apache.http.wire - http-outgoing-4 >> "Host: nodejs-qa-training.herokuapp.com[\r][\n]"
15:40:19.782 [ForkJoinPool-1-worker-3] DEBUG org.apache.http.wire - http-outgoing-4 >> "Connection: Keep-Alive[\r][\n]"
15:40:19.782 [ForkJoinPool-1-worker-3] DEBUG org.apache.http.wire - http-outgoing-4 >> "User-Agent: Apache-HttpClient/4.5.5 (Java/1.8.0_191)[\r][\n]"
15:40:19.782 [ForkJoinPool-1-worker-3] DEBUG org.apache.http.wire - http-outgoing-4 >> "Accept-Encoding: gzip,deflate[\r][\n]"
15:40:19.782 [ForkJoinPool-1-worker-3] DEBUG org.apache.http.wire - http-outgoing-4 >> "[\r][\n]"
15:40:19.782 [ForkJoinPool-1-worker-3] DEBUG org.apache.http.wire - http-outgoing-4 >> "{"email":"admin@wolox.com.ar","password":"candidatoWolox2020"}"
15:40:19.827 [ForkJoinPool-1-worker-2] DEBUG org.apache.http.wire - http-outgoing-2 << "HTTP/1.1 200 OK[\r][\n]"
15:40:19.828 [ForkJoinPool-1-worker-2] DEBUG org.apache.http.wire - http-outgoing-2 << "Server: Cowboy[\r][\n]"
15:40:19.828 [ForkJoinPool-1-worker-2] DEBUG org.apache.http.wire - http-outgoing-2 << "Connection: keep-alive[\r][\n]"
15:40:19.828 [ForkJoinPool-1-worker-2] DEBUG org.apache.http.wire - http-outgoing-2 << "X-Powered-By: Express[\r][\n]"
15:40:19.828 [ForkJoinPool-1-worker-2] DEBUG org.apache.http.wire - http-outgoing-2 << "Authorization: eyJ0eXAiOiJKV1QiLCJhbGciOiJIUzI1NiJ9.eyJ1c2VySWQiOjE0Niwicm9sZSI6ImFkbWluIiwiaWF0IjoxNjAwMDI5NjIwLjcyMiwiZXhwIjoxNjAwMDMxNDIwLjcyMn0.IkKSgDcj4RVTrJswtB2hoFentn3C-ZuAKqevARVvLZc[\r][\n]"
15:40:19.828 [ForkJoinPool-1-worker-2] DEBUG org.apache.http.wire - http-outgoing-2 << "Content-Type: application/json; charset=utf-8[\r][\n]"
15:40:19.828 [ForkJoinPool-1-worker-2] DEBUG org.apache.http.wire - http-outgoing-2 << "Content-Length: 51[\r][\n]"
15:40:19.828 [ForkJoinPool-1-worker-2] DEBUG org.apache.http.wire - http-outgoing-2 << "Etag: W/"33-6y23esVXZGW6zEls7dTb9BuFO0Y"[\r][\n]"
15:40:19.828 [ForkJoinPool-1-worker-2] DEBUG org.apache.http.wire - http-outgoing-2 << "Date: Sun, 13 Sep 2020 20:40:20 GMT[\r][\n]"
15:40:19.828 [ForkJoinPool-1-worker-2] DEBUG org.apache.http.wire - http-outgoing-2 << "Via: 1.1 vegur[\r][\n]"
15:40:19.828 [ForkJoinPool-1-worker-2] DEBUG org.apache.http.wire - http-outgoing-2 << "[\r][\n]"
15:40:19.828 [ForkJoinPool-1-worker-2] DEBUG org.apache.http.wire - http-outgoing-2 << "{"user_id":146,"token_expires_at":"1600031420.722"}"
15:40:19.828 [ForkJoinPool-1-worker-2] DEBUG org.apache.http.headers - http-outgoing-2 << HTTP/1.1 200 OK
15:40:19.828 [ForkJoinPool-1-worker-2] DEBUG org.apache.http.headers - http-outgoing-2 << Server: Cowboy
15:40:19.828 [ForkJoinPool-1-worker-2] DEBUG org.apache.http.headers - http-outgoing-2 << Connection: keep-alive
15:40:19.828 [ForkJoinPool-1-worker-2] DEBUG org.apache.http.headers - http-outgoing-2 << X-Powered-By: Express
15:40:19.828 [ForkJoinPool-1-worker-2] DEBUG org.apache.http.headers - http-outgoing-2 << Authorization: eyJ0eXAiOiJKV1QiLCJhbGciOiJIUzI1NiJ9.eyJ1c2VySWQiOjE0Niwicm9sZSI6ImFkbWluIiwiaWF0IjoxNjAwMDI5NjIwLjcyMiwiZXhwIjoxNjAwMDMxNDIwLjcyMn0.IkKSgDcj4RVTrJswtB2hoFentn3C-ZuAKqevARVvLZc
15:40:19.829 [ForkJoinPool-1-worker-2] DEBUG org.apache.http.headers - http-outgoing-2 << Content-Type: application/json; charset=utf-8
15:40:19.829 [ForkJoinPool-1-worker-2] DEBUG org.apache.http.headers - http-outgoing-2 << Content-Length: 51
15:40:19.829 [ForkJoinPool-1-worker-2] DEBUG org.apache.http.headers - http-outgoing-2 << Etag: W/"33-6y23esVXZGW6zEls7dTb9BuFO0Y"
15:40:19.829 [ForkJoinPool-1-worker-2] DEBUG org.apache.http.headers - http-outgoing-2 << Date: Sun, 13 Sep 2020 20:40:20 GMT
15:40:19.829 [ForkJoinPool-1-worker-2] DEBUG org.apache.http.headers - http-outgoing-2 << Via: 1.1 vegur
15:40:19.829 [ForkJoinPool-1-worker-2] DEBUG org.apache.http.impl.execchain.MainClientExec - Connection can be kept alive indefinitely
15:40:19.830 [ForkJoinPool-1-worker-2] DEBUG org.apache.http.impl.conn.PoolingHttpClientConnectionManager - Connection [id: 0][route: {s}->https://nodejs-qa-training.herokuapp.com:443] can be kept alive indefinitely
15:40:19.830 [ForkJoinPool-1-worker-2] DEBUG org.apache.http.impl.conn.DefaultManagedHttpClientConnection - http-outgoing-2: set socket timeout to 0
15:40:19.830 [ForkJoinPool-1-worker-2] DEBUG org.apache.http.impl.conn.PoolingHttpClientConnectionManager - Connection released: [id: 0][route: {s}->https://nodejs-qa-training.herokuapp.com:443][total kept alive: 1; route allocated: 1 of 5; total allocated: 1 of 10]
15:40:19.830 [ForkJoinPool-1-worker-2] DEBUG com.intuit.karate - response time in milliseconds: 1380,71
1 < 200
1 < Authorization: eyJ0eXAiOiJKV1QiLCJhbGciOiJIUzI1NiJ9.eyJ1c2VySWQiOjE0Niwicm9sZSI6ImFkbWluIiwiaWF0IjoxNjAwMDI5NjIwLjcyMiwiZXhwIjoxNjAwMDMxNDIwLjcyMn0.IkKSgDcj4RVTrJswtB2hoFentn3C-ZuAKqevARVvLZc
1 < Connection: keep-alive
1 < Content-Length: 51
1 < Content-Type: application/json; charset=utf-8
1 < Date: Sun, 13 Sep 2020 20:40:20 GMT
1 < Etag: W/"33-6y23esVXZGW6zEls7dTb9BuFO0Y"
1 < Server: Cowboy
1 < Via: 1.1 vegur
1 < X-Powered-By: Express
{"user_id":146,"token_expires_at":"1600031420.722"}

15:40:19.832 [ForkJoinPool-1-worker-2] DEBUG com.jayway.jsonpath.internal.path.CompiledPath - Evaluating path: $
15:40:19.833 [ForkJoinPool-1-worker-2] DEBUG com.jayway.jsonpath.internal.path.CompiledPath - Evaluating path: $
15:40:19.833 [ForkJoinPool-1-worker-2] DEBUG com.jayway.jsonpath.internal.path.CompiledPath - Evaluating path: $
15:40:19.835 [ForkJoinPool-1-worker-2] DEBUG com.jayway.jsonpath.internal.path.CompiledPath - Evaluating path: $
15:40:19.835 [ForkJoinPool-1-worker-2] DEBUG com.jayway.jsonpath.internal.path.CompiledPath - Evaluating path: $
15:40:19.835 [ForkJoinPool-1-worker-2] DEBUG com.jayway.jsonpath.internal.path.CompiledPath - Evaluating path: $
15:40:19.836 [ForkJoinPool-1-worker-2] DEBUG com.jayway.jsonpath.internal.path.CompiledPath - Evaluating path: $
15:40:19.836 [ForkJoinPool-1-worker-2] INFO com.intuit.karate - [print] {
  "user_id": 146,
  "token_expires_at": "1600031420.722"
}

15:40:19.841 [ForkJoinPool-1-worker-2] WARN com.intuit.karate - skipping bootstrap configuration: could not find or read file: classpath:karate-config.js
15:40:19.849 [ForkJoinPool-1-worker-2] INFO com.intuit.karate - scenario called at line: 8 by tag: @FlujoExitoso
15:40:19.853 [ForkJoinPool-1-worker-2] DEBUG com.jayway.jsonpath.internal.path.CompiledPath - Evaluating path: $
15:40:19.855 [ForkJoinPool-1-worker-2] DEBUG org.apache.http.client.protocol.RequestAddCookies - CookieSpec selected: karate
15:40:19.856 [ForkJoinPool-1-worker-2] DEBUG org.apache.http.client.protocol.RequestAuthCache - Auth cache not set in the context
15:40:19.856 [ForkJoinPool-1-worker-2] DEBUG com.intuit.karate - request:
1 > POST https://nodejs-qa-training.herokuapp.com/users/sessions
1 > Accept-Encoding: gzip,deflate
1 > Connection: Keep-Alive
1 > Content-Length: 62
1 > Content-Type: application/json; charset=UTF-8
1 > Host: nodejs-qa-training.herokuapp.com
1 > User-Agent: Apache-HttpClient/4.5.5 (Java/1.8.0_191)
{"email":"admin@wolox.com.ar","password":"candidatoWolox2020"}

15:40:19.856 [ForkJoinPool-1-worker-2] DEBUG org.apache.http.impl.conn.PoolingHttpClientConnectionManager - Connection request: [route: {s}->https://nodejs-qa-training.herokuapp.com:443][total kept alive: 0; route allocated: 0 of 5; total allocated: 0 of 10]
15:40:19.857 [ForkJoinPool-1-worker-2] DEBUG org.apache.http.impl.conn.PoolingHttpClientConnectionManager - Connection leased: [id: 5][route: {s}->https://nodejs-qa-training.herokuapp.com:443][total kept alive: 0; route allocated: 1 of 5; total allocated: 1 of 10]
15:40:19.857 [ForkJoinPool-1-worker-2] DEBUG org.apache.http.impl.execchain.MainClientExec - Opening connection {s}->https://nodejs-qa-training.herokuapp.com:443
15:40:19.857 [ForkJoinPool-1-worker-2] DEBUG org.apache.http.impl.conn.DefaultHttpClientConnectionOperator - Connecting to nodejs-qa-training.herokuapp.com/3.233.183.24:443
15:40:19.857 [ForkJoinPool-1-worker-2] DEBUG org.apache.http.conn.ssl.SSLConnectionSocketFactory - Connecting socket to nodejs-qa-training.herokuapp.com/3.233.183.24:443 with timeout 30000
15:40:19.937 [ForkJoinPool-1-worker-2] DEBUG org.apache.http.conn.ssl.SSLConnectionSocketFactory - Enabled protocols: [TLSv1, TLSv1.1, TLSv1.2]
15:40:19.937 [ForkJoinPool-1-worker-2] DEBUG org.apache.http.conn.ssl.SSLConnectionSocketFactory - Enabled cipher suites:[TLS_ECDHE_ECDSA_WITH_AES_256_CBC_SHA384, TLS_ECDHE_RSA_WITH_AES_256_CBC_SHA384, TLS_RSA_WITH_AES_256_CBC_SHA256, TLS_ECDH_ECDSA_WITH_AES_256_CBC_SHA384, TLS_ECDH_RSA_WITH_AES_256_CBC_SHA384, TLS_DHE_RSA_WITH_AES_256_CBC_SHA256, TLS_DHE_DSS_WITH_AES_256_CBC_SHA256, TLS_ECDHE_ECDSA_WITH_AES_256_CBC_SHA, TLS_ECDHE_RSA_WITH_AES_256_CBC_SHA, TLS_RSA_WITH_AES_256_CBC_SHA, TLS_ECDH_ECDSA_WITH_AES_256_CBC_SHA, TLS_ECDH_RSA_WITH_AES_256_CBC_SHA, TLS_DHE_RSA_WITH_AES_256_CBC_SHA, TLS_DHE_DSS_WITH_AES_256_CBC_SHA, TLS_ECDHE_ECDSA_WITH_AES_128_CBC_SHA256, TLS_ECDHE_RSA_WITH_AES_128_CBC_SHA256, TLS_RSA_WITH_AES_128_CBC_SHA256, TLS_ECDH_ECDSA_WITH_AES_128_CBC_SHA256, TLS_ECDH_RSA_WITH_AES_128_CBC_SHA256, TLS_DHE_RSA_WITH_AES_128_CBC_SHA256, TLS_DHE_DSS_WITH_AES_128_CBC_SHA256, TLS_ECDHE_ECDSA_WITH_AES_128_CBC_SHA, TLS_ECDHE_RSA_WITH_AES_128_CBC_SHA, TLS_RSA_WITH_AES_128_CBC_SHA, TLS_ECDH_ECDSA_WITH_AES_128_CBC_SHA, TLS_ECDH_RSA_WITH_AES_128_CBC_SHA, TLS_DHE_RSA_WITH_AES_128_CBC_SHA, TLS_DHE_DSS_WITH_AES_128_CBC_SHA, TLS_ECDHE_ECDSA_WITH_AES_256_GCM_SHA384, TLS_ECDHE_ECDSA_WITH_AES_128_GCM_SHA256, TLS_ECDHE_RSA_WITH_AES_256_GCM_SHA384, TLS_RSA_WITH_AES_256_GCM_SHA384, TLS_ECDH_ECDSA_WITH_AES_256_GCM_SHA384, TLS_ECDH_RSA_WITH_AES_256_GCM_SHA384, TLS_DHE_RSA_WITH_AES_256_GCM_SHA384, TLS_DHE_DSS_WITH_AES_256_GCM_SHA384, TLS_ECDHE_RSA_WITH_AES_128_GCM_SHA256, TLS_RSA_WITH_AES_128_GCM_SHA256, TLS_ECDH_ECDSA_WITH_AES_128_GCM_SHA256, TLS_ECDH_RSA_WITH_AES_128_GCM_SHA256, TLS_DHE_RSA_WITH_AES_128_GCM_SHA256, TLS_DHE_DSS_WITH_AES_128_GCM_SHA256, TLS_EMPTY_RENEGOTIATION_INFO_SCSV]
15:40:19.937 [ForkJoinPool-1-worker-2] DEBUG org.apache.http.conn.ssl.SSLConnectionSocketFactory - Starting handshake
15:40:20.019 [ForkJoinPool-1-worker-3] DEBUG org.apache.http.wire - http-outgoing-4 << "HTTP/1.1 200 OK[\r][\n]"
15:40:20.020 [ForkJoinPool-1-worker-3] DEBUG org.apache.http.wire - http-outgoing-4 << "Server: Cowboy[\r][\n]"
15:40:20.020 [ForkJoinPool-1-worker-3] DEBUG org.apache.http.wire - http-outgoing-4 << "Connection: keep-alive[\r][\n]"
15:40:20.020 [ForkJoinPool-1-worker-3] DEBUG org.apache.http.wire - http-outgoing-4 << "X-Powered-By: Express[\r][\n]"
15:40:20.020 [ForkJoinPool-1-worker-3] DEBUG org.apache.http.wire - http-outgoing-4 << "Authorization: eyJ0eXAiOiJKV1QiLCJhbGciOiJIUzI1NiJ9.eyJ1c2VySWQiOjE0Niwicm9sZSI6ImFkbWluIiwiaWF0IjoxNjAwMDI5NjIxLjIyOSwiZXhwIjoxNjAwMDMxNDIxLjIyOX0.y-D4qYQpiGK1sK4SOMoad-muSJJI_McgizncuTBNuhc[\r][\n]"
15:40:20.020 [ForkJoinPool-1-worker-3] DEBUG org.apache.http.wire - http-outgoing-4 << "Content-Type: application/json; charset=utf-8[\r][\n]"
15:40:20.020 [ForkJoinPool-1-worker-3] DEBUG org.apache.http.wire - http-outgoing-4 << "Content-Length: 51[\r][\n]"
15:40:20.020 [ForkJoinPool-1-worker-3] DEBUG org.apache.http.wire - http-outgoing-4 << "Etag: W/"33-rk4HC8sQHCEIxdjoCVzl2ckj1f8"[\r][\n]"
15:40:20.020 [ForkJoinPool-1-worker-3] DEBUG org.apache.http.wire - http-outgoing-4 << "Date: Sun, 13 Sep 2020 20:40:21 GMT[\r][\n]"
15:40:20.020 [ForkJoinPool-1-worker-3] DEBUG org.apache.http.wire - http-outgoing-4 << "Via: 1.1 vegur[\r][\n]"
15:40:20.020 [ForkJoinPool-1-worker-3] DEBUG org.apache.http.wire - http-outgoing-4 << "[\r][\n]"
15:40:20.020 [ForkJoinPool-1-worker-3] DEBUG org.apache.http.wire - http-outgoing-4 << "{"user_id":146,"token_expires_at":"1600031421.229"}"
15:40:20.020 [ForkJoinPool-1-worker-3] DEBUG org.apache.http.headers - http-outgoing-4 << HTTP/1.1 200 OK
15:40:20.020 [ForkJoinPool-1-worker-3] DEBUG org.apache.http.headers - http-outgoing-4 << Server: Cowboy
15:40:20.020 [ForkJoinPool-1-worker-3] DEBUG org.apache.http.headers - http-outgoing-4 << Connection: keep-alive
15:40:20.020 [ForkJoinPool-1-worker-3] DEBUG org.apache.http.headers - http-outgoing-4 << X-Powered-By: Express
15:40:20.020 [ForkJoinPool-1-worker-3] DEBUG org.apache.http.headers - http-outgoing-4 << Authorization: eyJ0eXAiOiJKV1QiLCJhbGciOiJIUzI1NiJ9.eyJ1c2VySWQiOjE0Niwicm9sZSI6ImFkbWluIiwiaWF0IjoxNjAwMDI5NjIxLjIyOSwiZXhwIjoxNjAwMDMxNDIxLjIyOX0.y-D4qYQpiGK1sK4SOMoad-muSJJI_McgizncuTBNuhc
15:40:20.020 [ForkJoinPool-1-worker-3] DEBUG org.apache.http.headers - http-outgoing-4 << Content-Type: application/json; charset=utf-8
15:40:20.020 [ForkJoinPool-1-worker-3] DEBUG org.apache.http.headers - http-outgoing-4 << Content-Length: 51
15:40:20.020 [ForkJoinPool-1-worker-3] DEBUG org.apache.http.headers - http-outgoing-4 << Etag: W/"33-rk4HC8sQHCEIxdjoCVzl2ckj1f8"
15:40:20.020 [ForkJoinPool-1-worker-3] DEBUG org.apache.http.headers - http-outgoing-4 << Date: Sun, 13 Sep 2020 20:40:21 GMT
15:40:20.020 [ForkJoinPool-1-worker-3] DEBUG org.apache.http.headers - http-outgoing-4 << Via: 1.1 vegur
15:40:20.021 [ForkJoinPool-1-worker-3] DEBUG org.apache.http.impl.execchain.MainClientExec - Connection can be kept alive indefinitely
15:40:20.021 [ForkJoinPool-1-worker-3] DEBUG org.apache.http.impl.conn.PoolingHttpClientConnectionManager - Connection [id: 4][route: {s}->https://nodejs-qa-training.herokuapp.com:443] can be kept alive indefinitely
15:40:20.021 [ForkJoinPool-1-worker-3] DEBUG org.apache.http.impl.conn.DefaultManagedHttpClientConnection - http-outgoing-4: set socket timeout to 0
15:40:20.021 [ForkJoinPool-1-worker-3] DEBUG org.apache.http.impl.conn.PoolingHttpClientConnectionManager - Connection released: [id: 4][route: {s}->https://nodejs-qa-training.herokuapp.com:443][total kept alive: 1; route allocated: 1 of 5; total allocated: 1 of 10]
15:40:20.021 [ForkJoinPool-1-worker-3] DEBUG com.intuit.karate - response time in milliseconds: 517,39
1 < 200
1 < Authorization: eyJ0eXAiOiJKV1QiLCJhbGciOiJIUzI1NiJ9.eyJ1c2VySWQiOjE0Niwicm9sZSI6ImFkbWluIiwiaWF0IjoxNjAwMDI5NjIxLjIyOSwiZXhwIjoxNjAwMDMxNDIxLjIyOX0.y-D4qYQpiGK1sK4SOMoad-muSJJI_McgizncuTBNuhc
1 < Connection: keep-alive
1 < Content-Length: 51
1 < Content-Type: application/json; charset=utf-8
1 < Date: Sun, 13 Sep 2020 20:40:21 GMT
1 < Etag: W/"33-rk4HC8sQHCEIxdjoCVzl2ckj1f8"
1 < Server: Cowboy
1 < Via: 1.1 vegur
1 < X-Powered-By: Express
{"user_id":146,"token_expires_at":"1600031421.229"}

15:40:20.023 [ForkJoinPool-1-worker-3] DEBUG com.jayway.jsonpath.internal.path.CompiledPath - Evaluating path: $
15:40:20.023 [ForkJoinPool-1-worker-3] DEBUG com.jayway.jsonpath.internal.path.CompiledPath - Evaluating path: $
15:40:20.024 [ForkJoinPool-1-worker-3] DEBUG com.jayway.jsonpath.internal.path.CompiledPath - Evaluating path: $
15:40:20.026 [ForkJoinPool-1-worker-3] DEBUG com.jayway.jsonpath.internal.path.CompiledPath - Evaluating path: $
15:40:20.026 [ForkJoinPool-1-worker-3] DEBUG com.jayway.jsonpath.internal.path.CompiledPath - Evaluating path: $
15:40:20.027 [ForkJoinPool-1-worker-3] DEBUG com.jayway.jsonpath.internal.path.CompiledPath - Evaluating path: $
15:40:20.027 [ForkJoinPool-1-worker-3] DEBUG com.jayway.jsonpath.internal.path.CompiledPath - Evaluating path: $
15:40:20.027 [ForkJoinPool-1-worker-3] INFO com.intuit.karate - [print] {
  "user_id": 146,
  "token_expires_at": "1600031421.229"
}

15:40:20.031 [ForkJoinPool-1-worker-3] DEBUG com.jayway.jsonpath.internal.path.CompiledPath - Evaluating path: $
15:40:20.038 [ForkJoinPool-1-worker-3] DEBUG org.apache.http.client.protocol.RequestAddCookies - CookieSpec selected: karate
15:40:20.038 [ForkJoinPool-1-worker-3] DEBUG org.apache.http.client.protocol.RequestAuthCache - Auth cache not set in the context
15:40:20.038 [ForkJoinPool-1-worker-3] DEBUG com.intuit.karate - request:
1 > POST https://nodejs-qa-training.herokuapp.com/albums/999
1 > Accept-Encoding: gzip,deflate
1 > Authorization: eyJ0eXAiOiJKV1QiLCJhbGciOiJIUzI1NiJ9.eyJ1c2VySWQiOjE0Niwicm9sZSI6ImFkbWluIiwiaWF0IjoxNjAwMDI5NjIxLjIyOSwiZXhwIjoxNjAwMDMxNDIxLjIyOX0.y-D4qYQpiGK1sK4SOMoad-muSJJI_McgizncuTBNuhc
1 > Connection: Keep-Alive
1 > Content-Length: 2
1 > Content-Type: application/json; charset=UTF-8
1 > Host: nodejs-qa-training.herokuapp.com
1 > User-Agent: Apache-HttpClient/4.5.5 (Java/1.8.0_191)
{}

15:40:20.039 [ForkJoinPool-1-worker-3] DEBUG org.apache.http.impl.conn.PoolingHttpClientConnectionManager - Connection request: [route: {s}->https://nodejs-qa-training.herokuapp.com:443][total kept alive: 0; route allocated: 0 of 5; total allocated: 0 of 10]
15:40:20.039 [ForkJoinPool-1-worker-3] DEBUG org.apache.http.impl.conn.PoolingHttpClientConnectionManager - Connection leased: [id: 6][route: {s}->https://nodejs-qa-training.herokuapp.com:443][total kept alive: 0; route allocated: 1 of 5; total allocated: 1 of 10]
15:40:20.039 [ForkJoinPool-1-worker-3] DEBUG org.apache.http.impl.execchain.MainClientExec - Opening connection {s}->https://nodejs-qa-training.herokuapp.com:443
15:40:20.039 [ForkJoinPool-1-worker-3] DEBUG org.apache.http.impl.conn.DefaultHttpClientConnectionOperator - Connecting to nodejs-qa-training.herokuapp.com/3.233.183.24:443
15:40:20.039 [ForkJoinPool-1-worker-3] DEBUG org.apache.http.conn.ssl.SSLConnectionSocketFactory - Connecting socket to nodejs-qa-training.herokuapp.com/3.233.183.24:443 with timeout 30000
15:40:20.126 [ForkJoinPool-1-worker-3] DEBUG org.apache.http.conn.ssl.SSLConnectionSocketFactory - Enabled protocols: [TLSv1, TLSv1.1, TLSv1.2]
15:40:20.126 [ForkJoinPool-1-worker-3] DEBUG org.apache.http.conn.ssl.SSLConnectionSocketFactory - Enabled cipher suites:[TLS_ECDHE_ECDSA_WITH_AES_256_CBC_SHA384, TLS_ECDHE_RSA_WITH_AES_256_CBC_SHA384, TLS_RSA_WITH_AES_256_CBC_SHA256, TLS_ECDH_ECDSA_WITH_AES_256_CBC_SHA384, TLS_ECDH_RSA_WITH_AES_256_CBC_SHA384, TLS_DHE_RSA_WITH_AES_256_CBC_SHA256, TLS_DHE_DSS_WITH_AES_256_CBC_SHA256, TLS_ECDHE_ECDSA_WITH_AES_256_CBC_SHA, TLS_ECDHE_RSA_WITH_AES_256_CBC_SHA, TLS_RSA_WITH_AES_256_CBC_SHA, TLS_ECDH_ECDSA_WITH_AES_256_CBC_SHA, TLS_ECDH_RSA_WITH_AES_256_CBC_SHA, TLS_DHE_RSA_WITH_AES_256_CBC_SHA, TLS_DHE_DSS_WITH_AES_256_CBC_SHA, TLS_ECDHE_ECDSA_WITH_AES_128_CBC_SHA256, TLS_ECDHE_RSA_WITH_AES_128_CBC_SHA256, TLS_RSA_WITH_AES_128_CBC_SHA256, TLS_ECDH_ECDSA_WITH_AES_128_CBC_SHA256, TLS_ECDH_RSA_WITH_AES_128_CBC_SHA256, TLS_DHE_RSA_WITH_AES_128_CBC_SHA256, TLS_DHE_DSS_WITH_AES_128_CBC_SHA256, TLS_ECDHE_ECDSA_WITH_AES_128_CBC_SHA, TLS_ECDHE_RSA_WITH_AES_128_CBC_SHA, TLS_RSA_WITH_AES_128_CBC_SHA, TLS_ECDH_ECDSA_WITH_AES_128_CBC_SHA, TLS_ECDH_RSA_WITH_AES_128_CBC_SHA, TLS_DHE_RSA_WITH_AES_128_CBC_SHA, TLS_DHE_DSS_WITH_AES_128_CBC_SHA, TLS_ECDHE_ECDSA_WITH_AES_256_GCM_SHA384, TLS_ECDHE_ECDSA_WITH_AES_128_GCM_SHA256, TLS_ECDHE_RSA_WITH_AES_256_GCM_SHA384, TLS_RSA_WITH_AES_256_GCM_SHA384, TLS_ECDH_ECDSA_WITH_AES_256_GCM_SHA384, TLS_ECDH_RSA_WITH_AES_256_GCM_SHA384, TLS_DHE_RSA_WITH_AES_256_GCM_SHA384, TLS_DHE_DSS_WITH_AES_256_GCM_SHA384, TLS_ECDHE_RSA_WITH_AES_128_GCM_SHA256, TLS_RSA_WITH_AES_128_GCM_SHA256, TLS_ECDH_ECDSA_WITH_AES_128_GCM_SHA256, TLS_ECDH_RSA_WITH_AES_128_GCM_SHA256, TLS_DHE_RSA_WITH_AES_128_GCM_SHA256, TLS_DHE_DSS_WITH_AES_128_GCM_SHA256, TLS_EMPTY_RENEGOTIATION_INFO_SCSV]
15:40:20.126 [ForkJoinPool-1-worker-3] DEBUG org.apache.http.conn.ssl.SSLConnectionSocketFactory - Starting handshake
15:40:20.127 [ForkJoinPool-1-worker-2] DEBUG org.apache.http.conn.ssl.SSLConnectionSocketFactory - Secure session established
15:40:20.127 [ForkJoinPool-1-worker-2] DEBUG org.apache.http.conn.ssl.SSLConnectionSocketFactory -  negotiated protocol: TLSv1.2
15:40:20.127 [ForkJoinPool-1-worker-2] DEBUG org.apache.http.conn.ssl.SSLConnectionSocketFactory -  negotiated cipher suite: TLS_ECDHE_RSA_WITH_AES_128_GCM_SHA256
15:40:20.127 [ForkJoinPool-1-worker-2] DEBUG org.apache.http.conn.ssl.SSLConnectionSocketFactory -  peer principal: CN=*.herokuapp.com, O="Heroku, Inc.", L=San Francisco, ST=California, C=US
15:40:20.127 [ForkJoinPool-1-worker-2] DEBUG org.apache.http.conn.ssl.SSLConnectionSocketFactory -  peer alternative names: [*.herokuapp.com, herokuapp.com]
15:40:20.127 [ForkJoinPool-1-worker-2] DEBUG org.apache.http.conn.ssl.SSLConnectionSocketFactory -  issuer principal: CN=DigiCert SHA2 High Assurance Server CA, OU=www.digicert.com, O=DigiCert Inc, C=US
15:40:20.127 [ForkJoinPool-1-worker-2] DEBUG org.apache.http.impl.conn.DefaultHttpClientConnectionOperator - Connection established 192.168.0.10:57464<->3.233.183.24:443
15:40:20.127 [ForkJoinPool-1-worker-2] DEBUG org.apache.http.impl.conn.DefaultManagedHttpClientConnection - http-outgoing-5: set socket timeout to 30000
15:40:20.127 [ForkJoinPool-1-worker-2] DEBUG org.apache.http.impl.execchain.MainClientExec - Executing request POST /users/sessions HTTP/1.1
15:40:20.127 [ForkJoinPool-1-worker-2] DEBUG org.apache.http.impl.execchain.MainClientExec - Target auth state: UNCHALLENGED
15:40:20.127 [ForkJoinPool-1-worker-2] DEBUG org.apache.http.impl.execchain.MainClientExec - Proxy auth state: UNCHALLENGED
15:40:20.127 [ForkJoinPool-1-worker-2] DEBUG org.apache.http.headers - http-outgoing-5 >> POST /users/sessions HTTP/1.1
15:40:20.127 [ForkJoinPool-1-worker-2] DEBUG org.apache.http.headers - http-outgoing-5 >> Content-Type: application/json; charset=UTF-8
15:40:20.127 [ForkJoinPool-1-worker-2] DEBUG org.apache.http.headers - http-outgoing-5 >> Content-Length: 62
15:40:20.127 [ForkJoinPool-1-worker-2] DEBUG org.apache.http.headers - http-outgoing-5 >> Host: nodejs-qa-training.herokuapp.com
15:40:20.127 [ForkJoinPool-1-worker-2] DEBUG org.apache.http.headers - http-outgoing-5 >> Connection: Keep-Alive
15:40:20.128 [ForkJoinPool-1-worker-2] DEBUG org.apache.http.headers - http-outgoing-5 >> User-Agent: Apache-HttpClient/4.5.5 (Java/1.8.0_191)
15:40:20.128 [ForkJoinPool-1-worker-2] DEBUG org.apache.http.headers - http-outgoing-5 >> Accept-Encoding: gzip,deflate
15:40:20.128 [ForkJoinPool-1-worker-2] DEBUG org.apache.http.wire - http-outgoing-5 >> "POST /users/sessions HTTP/1.1[\r][\n]"
15:40:20.128 [ForkJoinPool-1-worker-2] DEBUG org.apache.http.wire - http-outgoing-5 >> "Content-Type: application/json; charset=UTF-8[\r][\n]"
15:40:20.128 [ForkJoinPool-1-worker-2] DEBUG org.apache.http.wire - http-outgoing-5 >> "Content-Length: 62[\r][\n]"
15:40:20.128 [ForkJoinPool-1-worker-2] DEBUG org.apache.http.wire - http-outgoing-5 >> "Host: nodejs-qa-training.herokuapp.com[\r][\n]"
15:40:20.128 [ForkJoinPool-1-worker-2] DEBUG org.apache.http.wire - http-outgoing-5 >> "Connection: Keep-Alive[\r][\n]"
15:40:20.128 [ForkJoinPool-1-worker-2] DEBUG org.apache.http.wire - http-outgoing-5 >> "User-Agent: Apache-HttpClient/4.5.5 (Java/1.8.0_191)[\r][\n]"
15:40:20.128 [ForkJoinPool-1-worker-2] DEBUG org.apache.http.wire - http-outgoing-5 >> "Accept-Encoding: gzip,deflate[\r][\n]"
15:40:20.128 [ForkJoinPool-1-worker-2] DEBUG org.apache.http.wire - http-outgoing-5 >> "[\r][\n]"
15:40:20.128 [ForkJoinPool-1-worker-2] DEBUG org.apache.http.wire - http-outgoing-5 >> "{"email":"admin@wolox.com.ar","password":"candidatoWolox2020"}"
15:40:20.231 [ForkJoinPool-1-worker-1] DEBUG org.apache.http.conn.ssl.SSLConnectionSocketFactory - Secure session established
15:40:20.231 [ForkJoinPool-1-worker-1] DEBUG org.apache.http.conn.ssl.SSLConnectionSocketFactory -  negotiated protocol: TLSv1.2
15:40:20.231 [ForkJoinPool-1-worker-1] DEBUG org.apache.http.conn.ssl.SSLConnectionSocketFactory -  negotiated cipher suite: TLS_ECDHE_RSA_WITH_AES_128_GCM_SHA256
15:40:20.231 [ForkJoinPool-1-worker-1] DEBUG org.apache.http.conn.ssl.SSLConnectionSocketFactory -  peer principal: CN=*.herokuapp.com, O="Heroku, Inc.", L=San Francisco, ST=California, C=US
15:40:20.231 [ForkJoinPool-1-worker-1] DEBUG org.apache.http.conn.ssl.SSLConnectionSocketFactory -  peer alternative names: [*.herokuapp.com, herokuapp.com]
15:40:20.231 [ForkJoinPool-1-worker-1] DEBUG org.apache.http.conn.ssl.SSLConnectionSocketFactory -  issuer principal: CN=DigiCert SHA2 High Assurance Server CA, OU=www.digicert.com, O=DigiCert Inc, C=US
15:40:20.231 [ForkJoinPool-1-worker-1] DEBUG org.apache.http.impl.conn.DefaultHttpClientConnectionOperator - Connection established 192.168.0.10:57462<->3.233.183.24:443
15:40:20.231 [ForkJoinPool-1-worker-1] DEBUG org.apache.http.impl.conn.DefaultManagedHttpClientConnection - http-outgoing-3: set socket timeout to 30000
15:40:20.231 [ForkJoinPool-1-worker-1] DEBUG org.apache.http.impl.execchain.MainClientExec - Executing request POST /albums/23 HTTP/1.1
15:40:20.231 [ForkJoinPool-1-worker-1] DEBUG org.apache.http.impl.execchain.MainClientExec - Proxy auth state: UNCHALLENGED
15:40:20.231 [ForkJoinPool-1-worker-1] DEBUG org.apache.http.headers - http-outgoing-3 >> POST /albums/23 HTTP/1.1
15:40:20.232 [ForkJoinPool-1-worker-1] DEBUG org.apache.http.headers - http-outgoing-3 >> Authorization: eyJ0eXAiOiJKV1QiLCJhbGciOiJIUzI1NiJ9.eyJ1c2VySWQiOjE0Niwicm9sZSI6ImFkbWluIiwiaWF0IjoxNjAwMDI5NjIwLjU1MywiZXhwIjoxNjAwMDMxNDIwLjU1M30.N-FXxFe1mXpRPaCcDX3IE2OpCvYWrPQxgniOWnKlLmw
15:40:20.232 [ForkJoinPool-1-worker-1] DEBUG org.apache.http.headers - http-outgoing-3 >> Content-Type: application/json; charset=UTF-8
15:40:20.232 [ForkJoinPool-1-worker-1] DEBUG org.apache.http.headers - http-outgoing-3 >> Content-Length: 2
15:40:20.232 [ForkJoinPool-1-worker-1] DEBUG org.apache.http.headers - http-outgoing-3 >> Host: nodejs-qa-training.herokuapp.com
15:40:20.232 [ForkJoinPool-1-worker-1] DEBUG org.apache.http.headers - http-outgoing-3 >> Connection: Keep-Alive
15:40:20.232 [ForkJoinPool-1-worker-1] DEBUG org.apache.http.headers - http-outgoing-3 >> User-Agent: Apache-HttpClient/4.5.5 (Java/1.8.0_191)
15:40:20.232 [ForkJoinPool-1-worker-1] DEBUG org.apache.http.headers - http-outgoing-3 >> Accept-Encoding: gzip,deflate
15:40:20.232 [ForkJoinPool-1-worker-1] DEBUG org.apache.http.wire - http-outgoing-3 >> "POST /albums/23 HTTP/1.1[\r][\n]"
15:40:20.232 [ForkJoinPool-1-worker-1] DEBUG org.apache.http.wire - http-outgoing-3 >> "Authorization: eyJ0eXAiOiJKV1QiLCJhbGciOiJIUzI1NiJ9.eyJ1c2VySWQiOjE0Niwicm9sZSI6ImFkbWluIiwiaWF0IjoxNjAwMDI5NjIwLjU1MywiZXhwIjoxNjAwMDMxNDIwLjU1M30.N-FXxFe1mXpRPaCcDX3IE2OpCvYWrPQxgniOWnKlLmw[\r][\n]"
15:40:20.232 [ForkJoinPool-1-worker-1] DEBUG org.apache.http.wire - http-outgoing-3 >> "Content-Type: application/json; charset=UTF-8[\r][\n]"
15:40:20.232 [ForkJoinPool-1-worker-1] DEBUG org.apache.http.wire - http-outgoing-3 >> "Content-Length: 2[\r][\n]"
15:40:20.232 [ForkJoinPool-1-worker-1] DEBUG org.apache.http.wire - http-outgoing-3 >> "Host: nodejs-qa-training.herokuapp.com[\r][\n]"
15:40:20.232 [ForkJoinPool-1-worker-1] DEBUG org.apache.http.wire - http-outgoing-3 >> "Connection: Keep-Alive[\r][\n]"
15:40:20.232 [ForkJoinPool-1-worker-1] DEBUG org.apache.http.wire - http-outgoing-3 >> "User-Agent: Apache-HttpClient/4.5.5 (Java/1.8.0_191)[\r][\n]"
15:40:20.232 [ForkJoinPool-1-worker-1] DEBUG org.apache.http.wire - http-outgoing-3 >> "Accept-Encoding: gzip,deflate[\r][\n]"
15:40:20.232 [ForkJoinPool-1-worker-1] DEBUG org.apache.http.wire - http-outgoing-3 >> "[\r][\n]"
15:40:20.232 [ForkJoinPool-1-worker-1] DEBUG org.apache.http.wire - http-outgoing-3 >> "{}"
15:40:20.320 [ForkJoinPool-1-worker-3] DEBUG org.apache.http.conn.ssl.SSLConnectionSocketFactory - Secure session established
15:40:20.321 [ForkJoinPool-1-worker-3] DEBUG org.apache.http.conn.ssl.SSLConnectionSocketFactory -  negotiated protocol: TLSv1.2
15:40:20.321 [ForkJoinPool-1-worker-3] DEBUG org.apache.http.conn.ssl.SSLConnectionSocketFactory -  negotiated cipher suite: TLS_ECDHE_RSA_WITH_AES_128_GCM_SHA256
15:40:20.321 [ForkJoinPool-1-worker-3] DEBUG org.apache.http.conn.ssl.SSLConnectionSocketFactory -  peer principal: CN=*.herokuapp.com, O="Heroku, Inc.", L=San Francisco, ST=California, C=US
15:40:20.321 [ForkJoinPool-1-worker-3] DEBUG org.apache.http.conn.ssl.SSLConnectionSocketFactory -  peer alternative names: [*.herokuapp.com, herokuapp.com]
15:40:20.321 [ForkJoinPool-1-worker-3] DEBUG org.apache.http.conn.ssl.SSLConnectionSocketFactory -  issuer principal: CN=DigiCert SHA2 High Assurance Server CA, OU=www.digicert.com, O=DigiCert Inc, C=US
15:40:20.321 [ForkJoinPool-1-worker-3] DEBUG org.apache.http.impl.conn.DefaultHttpClientConnectionOperator - Connection established 192.168.0.10:57465<->3.233.183.24:443
15:40:20.321 [ForkJoinPool-1-worker-3] DEBUG org.apache.http.impl.conn.DefaultManagedHttpClientConnection - http-outgoing-6: set socket timeout to 30000
15:40:20.321 [ForkJoinPool-1-worker-3] DEBUG org.apache.http.impl.execchain.MainClientExec - Executing request POST /albums/999 HTTP/1.1
15:40:20.321 [ForkJoinPool-1-worker-3] DEBUG org.apache.http.impl.execchain.MainClientExec - Proxy auth state: UNCHALLENGED
15:40:20.321 [ForkJoinPool-1-worker-3] DEBUG org.apache.http.headers - http-outgoing-6 >> POST /albums/999 HTTP/1.1
15:40:20.322 [ForkJoinPool-1-worker-3] DEBUG org.apache.http.headers - http-outgoing-6 >> Authorization: eyJ0eXAiOiJKV1QiLCJhbGciOiJIUzI1NiJ9.eyJ1c2VySWQiOjE0Niwicm9sZSI6ImFkbWluIiwiaWF0IjoxNjAwMDI5NjIxLjIyOSwiZXhwIjoxNjAwMDMxNDIxLjIyOX0.y-D4qYQpiGK1sK4SOMoad-muSJJI_McgizncuTBNuhc
15:40:20.322 [ForkJoinPool-1-worker-3] DEBUG org.apache.http.headers - http-outgoing-6 >> Content-Type: application/json; charset=UTF-8
15:40:20.322 [ForkJoinPool-1-worker-3] DEBUG org.apache.http.headers - http-outgoing-6 >> Content-Length: 2
15:40:20.322 [ForkJoinPool-1-worker-3] DEBUG org.apache.http.headers - http-outgoing-6 >> Host: nodejs-qa-training.herokuapp.com
15:40:20.322 [ForkJoinPool-1-worker-3] DEBUG org.apache.http.headers - http-outgoing-6 >> Connection: Keep-Alive
15:40:20.322 [ForkJoinPool-1-worker-3] DEBUG org.apache.http.headers - http-outgoing-6 >> User-Agent: Apache-HttpClient/4.5.5 (Java/1.8.0_191)
15:40:20.322 [ForkJoinPool-1-worker-3] DEBUG org.apache.http.headers - http-outgoing-6 >> Accept-Encoding: gzip,deflate
15:40:20.322 [ForkJoinPool-1-worker-3] DEBUG org.apache.http.wire - http-outgoing-6 >> "POST /albums/999 HTTP/1.1[\r][\n]"
15:40:20.322 [ForkJoinPool-1-worker-3] DEBUG org.apache.http.wire - http-outgoing-6 >> "Authorization: eyJ0eXAiOiJKV1QiLCJhbGciOiJIUzI1NiJ9.eyJ1c2VySWQiOjE0Niwicm9sZSI6ImFkbWluIiwiaWF0IjoxNjAwMDI5NjIxLjIyOSwiZXhwIjoxNjAwMDMxNDIxLjIyOX0.y-D4qYQpiGK1sK4SOMoad-muSJJI_McgizncuTBNuhc[\r][\n]"
15:40:20.323 [ForkJoinPool-1-worker-3] DEBUG org.apache.http.wire - http-outgoing-6 >> "Content-Type: application/json; charset=UTF-8[\r][\n]"
15:40:20.323 [ForkJoinPool-1-worker-3] DEBUG org.apache.http.wire - http-outgoing-6 >> "Content-Length: 2[\r][\n]"
15:40:20.323 [ForkJoinPool-1-worker-3] DEBUG org.apache.http.wire - http-outgoing-6 >> "Host: nodejs-qa-training.herokuapp.com[\r][\n]"
15:40:20.323 [ForkJoinPool-1-worker-3] DEBUG org.apache.http.wire - http-outgoing-6 >> "Connection: Keep-Alive[\r][\n]"
15:40:20.323 [ForkJoinPool-1-worker-3] DEBUG org.apache.http.wire - http-outgoing-6 >> "User-Agent: Apache-HttpClient/4.5.5 (Java/1.8.0_191)[\r][\n]"
15:40:20.323 [ForkJoinPool-1-worker-3] DEBUG org.apache.http.wire - http-outgoing-6 >> "Accept-Encoding: gzip,deflate[\r][\n]"
15:40:20.323 [ForkJoinPool-1-worker-3] DEBUG org.apache.http.wire - http-outgoing-6 >> "[\r][\n]"
15:40:20.323 [ForkJoinPool-1-worker-3] DEBUG org.apache.http.wire - http-outgoing-6 >> "{}"
15:40:20.362 [ForkJoinPool-1-worker-2] DEBUG org.apache.http.wire - http-outgoing-5 << "HTTP/1.1 200 OK[\r][\n]"
15:40:20.362 [ForkJoinPool-1-worker-2] DEBUG org.apache.http.wire - http-outgoing-5 << "Server: Cowboy[\r][\n]"
15:40:20.362 [ForkJoinPool-1-worker-2] DEBUG org.apache.http.wire - http-outgoing-5 << "Connection: keep-alive[\r][\n]"
15:40:20.362 [ForkJoinPool-1-worker-2] DEBUG org.apache.http.wire - http-outgoing-5 << "X-Powered-By: Express[\r][\n]"
15:40:20.362 [ForkJoinPool-1-worker-2] DEBUG org.apache.http.wire - http-outgoing-5 << "Authorization: eyJ0eXAiOiJKV1QiLCJhbGciOiJIUzI1NiJ9.eyJ1c2VySWQiOjE0Niwicm9sZSI6ImFkbWluIiwiaWF0IjoxNjAwMDI5NjIxLjU3NiwiZXhwIjoxNjAwMDMxNDIxLjU3Nn0.11Zxxipv6on_Rp-zQnbVp54wkXI_0En45opGUpD6gto[\r][\n]"
15:40:20.362 [ForkJoinPool-1-worker-2] DEBUG org.apache.http.wire - http-outgoing-5 << "Content-Type: application/json; charset=utf-8[\r][\n]"
15:40:20.362 [ForkJoinPool-1-worker-2] DEBUG org.apache.http.wire - http-outgoing-5 << "Content-Length: 51[\r][\n]"
15:40:20.362 [ForkJoinPool-1-worker-2] DEBUG org.apache.http.wire - http-outgoing-5 << "Etag: W/"33-FgqT3C5+GeB85Rh/+m0p/inSEsg"[\r][\n]"
15:40:20.362 [ForkJoinPool-1-worker-2] DEBUG org.apache.http.wire - http-outgoing-5 << "Date: Sun, 13 Sep 2020 20:40:21 GMT[\r][\n]"
15:40:20.362 [ForkJoinPool-1-worker-2] DEBUG org.apache.http.wire - http-outgoing-5 << "Via: 1.1 vegur[\r][\n]"
15:40:20.362 [ForkJoinPool-1-worker-2] DEBUG org.apache.http.wire - http-outgoing-5 << "[\r][\n]"
15:40:20.363 [ForkJoinPool-1-worker-2] DEBUG org.apache.http.wire - http-outgoing-5 << "{"user_id":146,"token_expires_at":"1600031421.576"}"
15:40:20.363 [ForkJoinPool-1-worker-2] DEBUG org.apache.http.headers - http-outgoing-5 << HTTP/1.1 200 OK
15:40:20.363 [ForkJoinPool-1-worker-2] DEBUG org.apache.http.headers - http-outgoing-5 << Server: Cowboy
15:40:20.363 [ForkJoinPool-1-worker-2] DEBUG org.apache.http.headers - http-outgoing-5 << Connection: keep-alive
15:40:20.363 [ForkJoinPool-1-worker-2] DEBUG org.apache.http.headers - http-outgoing-5 << X-Powered-By: Express
15:40:20.363 [ForkJoinPool-1-worker-2] DEBUG org.apache.http.headers - http-outgoing-5 << Authorization: eyJ0eXAiOiJKV1QiLCJhbGciOiJIUzI1NiJ9.eyJ1c2VySWQiOjE0Niwicm9sZSI6ImFkbWluIiwiaWF0IjoxNjAwMDI5NjIxLjU3NiwiZXhwIjoxNjAwMDMxNDIxLjU3Nn0.11Zxxipv6on_Rp-zQnbVp54wkXI_0En45opGUpD6gto
15:40:20.363 [ForkJoinPool-1-worker-2] DEBUG org.apache.http.headers - http-outgoing-5 << Content-Type: application/json; charset=utf-8
15:40:20.363 [ForkJoinPool-1-worker-2] DEBUG org.apache.http.headers - http-outgoing-5 << Content-Length: 51
15:40:20.363 [ForkJoinPool-1-worker-2] DEBUG org.apache.http.headers - http-outgoing-5 << Etag: W/"33-FgqT3C5+GeB85Rh/+m0p/inSEsg"
15:40:20.363 [ForkJoinPool-1-worker-2] DEBUG org.apache.http.headers - http-outgoing-5 << Date: Sun, 13 Sep 2020 20:40:21 GMT
15:40:20.363 [ForkJoinPool-1-worker-2] DEBUG org.apache.http.headers - http-outgoing-5 << Via: 1.1 vegur
15:40:20.363 [ForkJoinPool-1-worker-2] DEBUG org.apache.http.impl.execchain.MainClientExec - Connection can be kept alive indefinitely
15:40:20.363 [ForkJoinPool-1-worker-2] DEBUG org.apache.http.impl.conn.PoolingHttpClientConnectionManager - Connection [id: 5][route: {s}->https://nodejs-qa-training.herokuapp.com:443] can be kept alive indefinitely
15:40:20.363 [ForkJoinPool-1-worker-2] DEBUG org.apache.http.impl.conn.DefaultManagedHttpClientConnection - http-outgoing-5: set socket timeout to 0
15:40:20.363 [ForkJoinPool-1-worker-2] DEBUG org.apache.http.impl.conn.PoolingHttpClientConnectionManager - Connection released: [id: 5][route: {s}->https://nodejs-qa-training.herokuapp.com:443][total kept alive: 1; route allocated: 1 of 5; total allocated: 1 of 10]
15:40:20.363 [ForkJoinPool-1-worker-2] DEBUG com.intuit.karate - response time in milliseconds: 506,34
1 < 200
1 < Authorization: eyJ0eXAiOiJKV1QiLCJhbGciOiJIUzI1NiJ9.eyJ1c2VySWQiOjE0Niwicm9sZSI6ImFkbWluIiwiaWF0IjoxNjAwMDI5NjIxLjU3NiwiZXhwIjoxNjAwMDMxNDIxLjU3Nn0.11Zxxipv6on_Rp-zQnbVp54wkXI_0En45opGUpD6gto
1 < Connection: keep-alive
1 < Content-Length: 51
1 < Content-Type: application/json; charset=utf-8
1 < Date: Sun, 13 Sep 2020 20:40:21 GMT
1 < Etag: W/"33-FgqT3C5+GeB85Rh/+m0p/inSEsg"
1 < Server: Cowboy
1 < Via: 1.1 vegur
1 < X-Powered-By: Express
{"user_id":146,"token_expires_at":"1600031421.576"}

15:40:20.365 [ForkJoinPool-1-worker-2] DEBUG com.jayway.jsonpath.internal.path.CompiledPath - Evaluating path: $
15:40:20.366 [ForkJoinPool-1-worker-2] DEBUG com.jayway.jsonpath.internal.path.CompiledPath - Evaluating path: $
15:40:20.366 [ForkJoinPool-1-worker-2] DEBUG com.jayway.jsonpath.internal.path.CompiledPath - Evaluating path: $
15:40:20.367 [ForkJoinPool-1-worker-2] DEBUG com.jayway.jsonpath.internal.path.CompiledPath - Evaluating path: $
15:40:20.367 [ForkJoinPool-1-worker-2] DEBUG com.jayway.jsonpath.internal.path.CompiledPath - Evaluating path: $
15:40:20.367 [ForkJoinPool-1-worker-2] DEBUG com.jayway.jsonpath.internal.path.CompiledPath - Evaluating path: $
15:40:20.368 [ForkJoinPool-1-worker-2] DEBUG com.jayway.jsonpath.internal.path.CompiledPath - Evaluating path: $
[...]
15:40:25.097 [Test worker] DEBUG org.apache.velocity - Velocimacro : added VM includeStatsTable: source=/templates/macros/report/statsTable.vm
15:40:25.097 [Test worker] DEBUG org.apache.velocity - ResourceManager : found /templates/macros/report/statsTable.vm with loader org.apache.velocity.runtime.resource.loader.ClasspathResourceLoader
15:40:25.098 [Test worker] DEBUG org.apache.velocity - Velocimacro : added VM includeBrief: source=/templates/macros/json/brief.vm
15:40:25.098 [Test worker] DEBUG org.apache.velocity - ResourceManager : found /templates/macros/json/brief.vm with loader org.apache.velocity.runtime.resource.loader.ClasspathResourceLoader
15:40:25.099 [Test worker] DEBUG org.apache.velocity - Velocimacro : added VM includeDocString: source=/templates/macros/json/docstring.vm
15:40:25.099 [Test worker] DEBUG org.apache.velocity - ResourceManager : found /templates/macros/json/docstring.vm with loader org.apache.velocity.runtime.resource.loader.ClasspathResourceLoader
15:40:25.099 [Test worker] DEBUG org.apache.velocity - Velocimacro : added VM includeDuration: source=/templates/macros/json/duration.vm
15:40:25.099 [Test worker] DEBUG org.apache.velocity - ResourceManager : found /templates/macros/json/duration.vm with loader org.apache.velocity.runtime.resource.loader.ClasspathResourceLoader
15:40:25.100 [Test worker] DEBUG org.apache.velocity - Velocimacro : added VM includeElement: source=/templates/macros/json/element.vm
15:40:25.100 [Test worker] DEBUG org.apache.velocity - ResourceManager : found /templates/macros/json/element.vm with loader org.apache.velocity.runtime.resource.loader.ClasspathResourceLoader
15:40:25.102 [Test worker] DEBUG org.apache.velocity - Velocimacro : added VM includeEmbeddings: source=/templates/macros/json/embeddings.vm
15:40:25.102 [Test worker] DEBUG org.apache.velocity - Velocimacro : added VM includeHtmlEmbedding: source=/templates/macros/json/embeddings.vm
15:40:25.102 [Test worker] DEBUG org.apache.velocity - Velocimacro : added VM includeImageEmbedding: source=/templates/macros/json/embeddings.vm
15:40:25.102 [Test worker] DEBUG org.apache.velocity - Velocimacro : added VM includeImageReferenceEmbedding: source=/templates/macros/json/embeddings.vm
15:40:25.102 [Test worker] DEBUG org.apache.velocity - Velocimacro : added VM includeTextEmbedding: source=/templates/macros/json/embeddings.vm
15:40:25.102 [Test worker] DEBUG org.apache.velocity - Velocimacro : added VM includeUnknownEmbedding: source=/templates/macros/json/embeddings.vm
15:40:25.102 [Test worker] DEBUG org.apache.velocity - ResourceManager : found /templates/macros/json/embeddings.vm with loader org.apache.velocity.runtime.resource.loader.ClasspathResourceLoader
15:40:25.103 [Test worker] DEBUG org.apache.velocity - Velocimacro : added VM includeHooks: source=/templates/macros/json/hooks.vm
15:40:25.103 [Test worker] DEBUG org.apache.velocity - ResourceManager : found /templates/macros/json/hooks.vm with loader org.apache.velocity.runtime.resource.loader.ClasspathResourceLoader
15:40:25.104 [Test worker] DEBUG org.apache.velocity - Velocimacro : added VM includeOutput: source=/templates/macros/json/output.vm
15:40:25.104 [Test worker] DEBUG org.apache.velocity - ResourceManager : found /templates/macros/json/output.vm with loader org.apache.velocity.runtime.resource.loader.ClasspathResourceLoader
15:40:25.105 [Test worker] DEBUG org.apache.velocity - Velocimacro : added VM includeMessage: source=/templates/macros/json/message.vm
15:40:25.105 [Test worker] DEBUG org.apache.velocity - ResourceManager : found /templates/macros/json/message.vm with loader org.apache.velocity.runtime.resource.loader.ClasspathResourceLoader
15:40:25.106 [Test worker] DEBUG org.apache.velocity - Velocimacro : added VM includeSteps: source=/templates/macros/json/steps.vm
15:40:25.106 [Test worker] DEBUG org.apache.velocity - ResourceManager : found /templates/macros/json/steps.vm with loader org.apache.velocity.runtime.resource.loader.ClasspathResourceLoader
15:40:25.107 [Test worker] DEBUG org.apache.velocity - Velocimacro : added VM includeStepName: source=/templates/macros/json/stepName.vm
15:40:25.107 [Test worker] DEBUG org.apache.velocity - ResourceManager : found /templates/macros/json/stepName.vm with loader org.apache.velocity.runtime.resource.loader.ClasspathResourceLoader
15:40:25.108 [Test worker] DEBUG org.apache.velocity - Velocimacro : added VM includeTags: source=/templates/macros/json/tags.vm
15:40:25.108 [Test worker] DEBUG org.apache.velocity - ResourceManager : found /templates/macros/json/tags.vm with loader org.apache.velocity.runtime.resource.loader.ClasspathResourceLoader
15:40:25.109 [Test worker] DEBUG org.apache.velocity - ResourceManager : found /templates/footer.vm with loader org.apache.velocity.runtime.resource.loader.ClasspathResourceLoader
15:40:25.112 [Test worker] DEBUG org.apache.velocity - CommonsLogLogChute name is 'org.apache.velocity'
15:40:25.112 [Test worker] DEBUG org.apache.velocity - Initializing Velocity, Calling init()...
15:40:25.112 [Test worker] DEBUG org.apache.velocity - Starting Apache Velocity v1.7 (compiled: 2010-11-19 12:14:37)
15:40:25.112 [Test worker] DEBUG org.apache.velocity - Default Properties File: org\apache\velocity\runtime\defaults\velocity.properties
15:40:25.112 [Test worker] DEBUG org.apache.velocity - Trying to use logger class org.apache.velocity.runtime.log.AvalonLogChute
15:40:25.112 [Test worker] DEBUG org.apache.velocity - Target log system for org.apache.velocity.runtime.log.AvalonLogChute is not available (java.lang.NoClassDefFoundError: org/apache/log/format/Formatter).  Falling back to next log system...
15:40:25.112 [Test worker] DEBUG org.apache.velocity - Trying to use logger class org.apache.velocity.runtime.log.Log4JLogChute
15:40:25.112 [Test worker] DEBUG org.apache.velocity - Target log system for org.apache.velocity.runtime.log.Log4JLogChute is not available (java.lang.NoClassDefFoundError: org/apache/log4j/Layout).  Falling back to next log system...
15:40:25.112 [Test worker] DEBUG org.apache.velocity - Trying to use logger class org.apache.velocity.runtime.log.CommonsLogLogChute
15:40:25.112 [Test worker] DEBUG org.apache.velocity - Using logger class org.apache.velocity.runtime.log.CommonsLogLogChute
15:40:25.112 [Test worker] DEBUG org.apache.velocity - ResourceLoader instantiated: org.apache.velocity.runtime.resource.loader.ClasspathResourceLoader
15:40:25.112 [Test worker] DEBUG org.apache.velocity - ResourceCache: initialized (class org.apache.velocity.runtime.resource.ResourceCacheImpl) with class java.util.Collections$SynchronizedMap cache map.
15:40:25.113 [Test worker] DEBUG org.apache.velocity - Loaded System Directive: org.apache.velocity.runtime.directive.Stop
15:40:25.113 [Test worker] DEBUG org.apache.velocity - Loaded System Directive: org.apache.velocity.runtime.directive.Define
15:40:25.113 [Test worker] DEBUG org.apache.velocity - Loaded System Directive: org.apache.velocity.runtime.directive.Break
15:40:25.113 [Test worker] DEBUG org.apache.velocity - Loaded System Directive: org.apache.velocity.runtime.directive.Evaluate
15:40:25.113 [Test worker] DEBUG org.apache.velocity - Loaded System Directive: org.apache.velocity.runtime.directive.Literal
15:40:25.113 [Test worker] DEBUG org.apache.velocity - Loaded System Directive: org.apache.velocity.runtime.directive.Macro
15:40:25.113 [Test worker] DEBUG org.apache.velocity - Loaded System Directive: org.apache.velocity.runtime.directive.Parse
15:40:25.113 [Test worker] DEBUG org.apache.velocity - Loaded System Directive: org.apache.velocity.runtime.directive.Include
15:40:25.113 [Test worker] DEBUG org.apache.velocity - Loaded System Directive: org.apache.velocity.runtime.directive.Foreach
15:40:25.114 [Test worker] DEBUG org.apache.velocity - Created '20' parsers.
15:40:25.114 [Test worker] DEBUG org.apache.velocity - Velocimacro : "velocimacro.library" is not set.  Trying default library: VM_global_library.vm
15:40:25.114 [Test worker] DEBUG org.apache.velocity - Could not load resource 'VM_global_library.vm' from ResourceLoader org.apache.velocity.runtime.resource.loader.ClasspathResourceLoader: ClasspathResourceLoader Error: cannot find resource VM_global_library.vm
15:40:25.114 [Test worker] DEBUG org.apache.velocity - Velocimacro : Default library not found.
15:40:25.114 [Test worker] DEBUG org.apache.velocity - Velocimacro : allowInline = true : VMs can be defined inline in templates
15:40:25.114 [Test worker] DEBUG org.apache.velocity - Velocimacro : allowInlineToOverride = false : VMs defined inline may NOT replace previous VM definitions
15:40:25.114 [Test worker] DEBUG org.apache.velocity - Velocimacro : allowInlineLocal = false : VMs defined inline will be global in scope if allowed.
15:40:25.114 [Test worker] DEBUG org.apache.velocity - Velocimacro : autoload off : VM system will not automatically reload global library macros
15:40:25.116 [Test worker] DEBUG org.apache.velocity - ResourceManager : found templates/generators/overviewFailures.vm with loader org.apache.velocity.runtime.resource.loader.ClasspathResourceLoader
15:40:25.117 [Test worker] DEBUG org.apache.velocity - ResourceManager : found /templates/headers.vm with loader org.apache.velocity.runtime.resource.loader.ClasspathResourceLoader
15:40:25.117 [Test worker] DEBUG org.apache.velocity - ResourceManager : found /templates/head.vm with loader org.apache.velocity.runtime.resource.loader.ClasspathResourceLoader
15:40:25.118 [Test worker] DEBUG org.apache.velocity - Velocimacro : added VM stringArray: source=/templates/macros/array.js.vm
15:40:25.118 [Test worker] DEBUG org.apache.velocity - Velocimacro : added VM numberArray: source=/templates/macros/array.js.vm
15:40:25.118 [Test worker] DEBUG org.apache.velocity - ResourceManager : found /templates/macros/array.js.vm with loader org.apache.velocity.runtime.resource.loader.ClasspathResourceLoader
15:40:25.119 [Test worker] DEBUG org.apache.velocity - Velocimacro : added VM includeBuildInfo: source=/templates/macros/page/buildinfo.vm
15:40:25.119 [Test worker] DEBUG org.apache.velocity - ResourceManager : found /templates/macros/page/buildinfo.vm with loader org.apache.velocity.runtime.resource.loader.ClasspathResourceLoader
15:40:25.119 [Test worker] DEBUG org.apache.velocity - Velocimacro : added VM includeClassifications: source=/templates/macros/page/classifications.vm
15:40:25.119 [Test worker] DEBUG org.apache.velocity - ResourceManager : found /templates/macros/page/classifications.vm with loader org.apache.velocity.runtime.resource.loader.ClasspathResourceLoader
15:40:25.120 [Test worker] DEBUG org.apache.velocity - Velocimacro : added VM includeLead: source=/templates/macros/page/lead.vm
15:40:25.120 [Test worker] DEBUG org.apache.velocity - ResourceManager : found /templates/macros/page/lead.vm with loader org.apache.velocity.runtime.resource.loader.ClasspathResourceLoader
15:40:25.121 [Test worker] DEBUG org.apache.velocity - Velocimacro : added VM includeNavigation: source=/templates/macros/page/navigation.vm
15:40:25.121 [Test worker] DEBUG org.apache.velocity - ResourceManager : found /templates/macros/page/navigation.vm with loader org.apache.velocity.runtime.resource.loader.ClasspathResourceLoader
15:40:25.121 [Test worker] DEBUG org.apache.velocity - Velocimacro : added VM includeReportInfo: source=/templates/macros/page/reportInfo.vm
15:40:25.121 [Test worker] DEBUG org.apache.velocity - ResourceManager : found /templates/macros/page/reportInfo.vm with loader org.apache.velocity.runtime.resource.loader.ClasspathResourceLoader
15:40:25.122 [Test worker] DEBUG org.apache.velocity - Velocimacro : added VM includeTitle: source=/templates/macros/page/title.vm
15:40:25.122 [Test worker] DEBUG org.apache.velocity - ResourceManager : found /templates/macros/page/title.vm with loader org.apache.velocity.runtime.resource.loader.ClasspathResourceLoader
15:40:25.122 [Test worker] DEBUG org.apache.velocity - Velocimacro : added VM includeExpandingButtons: source=/templates/macros/report/expandAllButtons.vm
15:40:25.122 [Test worker] DEBUG org.apache.velocity - ResourceManager : found /templates/macros/report/expandAllButtons.vm with loader org.apache.velocity.runtime.resource.loader.ClasspathResourceLoader
15:40:25.124 [Test worker] DEBUG org.apache.velocity - Velocimacro : added VM includeReportTable: source=/templates/macros/report/reportTable.vm
15:40:25.124 [Test worker] DEBUG org.apache.velocity - ResourceManager : found /templates/macros/report/reportTable.vm with loader org.apache.velocity.runtime.resource.loader.ClasspathResourceLoader
15:40:25.124 [Test worker] DEBUG org.apache.velocity - Velocimacro : added VM includeReportHeader: source=/templates/macros/report/reportHeader.vm
15:40:25.125 [Test worker] DEBUG org.apache.velocity - ResourceManager : found /templates/macros/report/reportHeader.vm with loader org.apache.velocity.runtime.resource.loader.ClasspathResourceLoader
15:40:25.126 [Test worker] DEBUG org.apache.velocity - Velocimacro : added VM includeStatsTable: source=/templates/macros/report/statsTable.vm
15:40:25.126 [Test worker] DEBUG org.apache.velocity - ResourceManager : found /templates/macros/report/statsTable.vm with loader org.apache.velocity.runtime.resource.loader.ClasspathResourceLoader
15:40:25.126 [Test worker] DEBUG org.apache.velocity - Velocimacro : added VM includeBrief: source=/templates/macros/json/brief.vm
15:40:25.127 [Test worker] DEBUG org.apache.velocity - ResourceManager : found /templates/macros/json/brief.vm with loader org.apache.velocity.runtime.resource.loader.ClasspathResourceLoader
15:40:25.127 [Test worker] DEBUG org.apache.velocity - Velocimacro : added VM includeDocString: source=/templates/macros/json/docstring.vm
15:40:25.127 [Test worker] DEBUG org.apache.velocity - ResourceManager : found /templates/macros/json/docstring.vm with loader org.apache.velocity.runtime.resource.loader.ClasspathResourceLoader
15:40:25.128 [Test worker] DEBUG org.apache.velocity - Velocimacro : added VM includeDuration: source=/templates/macros/json/duration.vm
15:40:25.128 [Test worker] DEBUG org.apache.velocity - ResourceManager : found /templates/macros/json/duration.vm with loader org.apache.velocity.runtime.resource.loader.ClasspathResourceLoader
15:40:25.129 [Test worker] DEBUG org.apache.velocity - Velocimacro : added VM includeElement: source=/templates/macros/json/element.vm
15:40:25.130 [Test worker] DEBUG org.apache.velocity - ResourceManager : found /templates/macros/json/element.vm with loader org.apache.velocity.runtime.resource.loader.ClasspathResourceLoader
15:40:25.131 [Test worker] DEBUG org.apache.velocity - Velocimacro : added VM includeEmbeddings: source=/templates/macros/json/embeddings.vm
15:40:25.131 [Test worker] DEBUG org.apache.velocity - Velocimacro : added VM includeHtmlEmbedding: source=/templates/macros/json/embeddings.vm
15:40:25.132 [Test worker] DEBUG org.apache.velocity - Velocimacro : added VM includeImageEmbedding: source=/templates/macros/json/embeddings.vm
15:40:25.132 [Test worker] DEBUG org.apache.velocity - Velocimacro : added VM includeImageReferenceEmbedding: source=/templates/macros/json/embeddings.vm
15:40:25.132 [Test worker] DEBUG org.apache.velocity - Velocimacro : added VM includeTextEmbedding: source=/templates/macros/json/embeddings.vm
15:40:25.132 [Test worker] DEBUG org.apache.velocity - Velocimacro : added VM includeUnknownEmbedding: source=/templates/macros/json/embeddings.vm
15:40:25.132 [Test worker] DEBUG org.apache.velocity - ResourceManager : found /templates/macros/json/embeddings.vm with loader org.apache.velocity.runtime.resource.loader.ClasspathResourceLoader
15:40:25.133 [Test worker] DEBUG org.apache.velocity - Velocimacro : added VM includeHooks: source=/templates/macros/json/hooks.vm
15:40:25.133 [Test worker] DEBUG org.apache.velocity - ResourceManager : found /templates/macros/json/hooks.vm with loader org.apache.velocity.runtime.resource.loader.ClasspathResourceLoader
15:40:25.134 [Test worker] DEBUG org.apache.velocity - Velocimacro : added VM includeOutput: source=/templates/macros/json/output.vm
15:40:25.134 [Test worker] DEBUG org.apache.velocity - ResourceManager : found /templates/macros/json/output.vm with loader org.apache.velocity.runtime.resource.loader.ClasspathResourceLoader
15:40:25.135 [Test worker] DEBUG org.apache.velocity - Velocimacro : added VM includeMessage: source=/templates/macros/json/message.vm
15:40:25.135 [Test worker] DEBUG org.apache.velocity - ResourceManager : found /templates/macros/json/message.vm with loader org.apache.velocity.runtime.resource.loader.ClasspathResourceLoader
15:40:25.137 [Test worker] DEBUG org.apache.velocity - Velocimacro : added VM includeSteps: source=/templates/macros/json/steps.vm
15:40:25.137 [Test worker] DEBUG org.apache.velocity - ResourceManager : found /templates/macros/json/steps.vm with loader org.apache.velocity.runtime.resource.loader.ClasspathResourceLoader
15:40:25.138 [Test worker] DEBUG org.apache.velocity - Velocimacro : added VM includeStepName: source=/templates/macros/json/stepName.vm
15:40:25.138 [Test worker] DEBUG org.apache.velocity - ResourceManager : found /templates/macros/json/stepName.vm with loader org.apache.velocity.runtime.resource.loader.ClasspathResourceLoader
15:40:25.139 [Test worker] DEBUG org.apache.velocity - Velocimacro : added VM includeTags: source=/templates/macros/json/tags.vm
15:40:25.139 [Test worker] DEBUG org.apache.velocity - ResourceManager : found /templates/macros/json/tags.vm with loader org.apache.velocity.runtime.resource.loader.ClasspathResourceLoader
15:40:25.139 [Test worker] DEBUG org.apache.velocity - ResourceManager : found /templates/footer.vm with loader org.apache.velocity.runtime.resource.loader.ClasspathResourceLoader
]]></system-out>
  <system-err><![CDATA[Sep 13, 2020 3:40:23 PM net.masterthought.cucumber.ReportParser parseJsonFiles
INFO: File 'C:\Users\SOPORTETI\Desktop\AutomatizacionServicios\target\surefire-reports\src.test.resources.features.ComprarAlbum.json' contains 1 features
Sep 13, 2020 3:40:23 PM net.masterthought.cucumber.ReportParser parseJsonFiles
INFO: File 'C:\Users\SOPORTETI\Desktop\AutomatizacionServicios\target\surefire-reports\src.test.resources.features.InvalidarSesion.json' contains 1 features
Sep 13, 2020 3:40:23 PM net.masterthought.cucumber.ReportParser parseJsonFiles
INFO: File 'C:\Users\SOPORTETI\Desktop\AutomatizacionServicios\target\surefire-reports\src.test.resources.features.ListaAlbumes.json' contains 1 features
Sep 13, 2020 3:40:23 PM net.masterthought.cucumber.ReportParser parseJsonFiles
INFO: File 'C:\Users\SOPORTETI\Desktop\AutomatizacionServicios\target\surefire-reports\src.test.resources.features.ListaAlbumesComprados.json' contains 1 features
Sep 13, 2020 3:40:23 PM net.masterthought.cucumber.ReportParser parseJsonFiles
INFO: File 'C:\Users\SOPORTETI\Desktop\AutomatizacionServicios\target\surefire-reports\src.test.resources.features.ListaFotosAlbumes.json' contains 1 features
Sep 13, 2020 3:40:23 PM net.masterthought.cucumber.ReportParser parseJsonFiles
INFO: File 'C:\Users\SOPORTETI\Desktop\AutomatizacionServicios\target\surefire-reports\src.test.resources.features.ListaUsuario.json' contains 1 features
Sep 13, 2020 3:40:23 PM net.masterthought.cucumber.ReportParser parseJsonFiles
INFO: File 'C:\Users\SOPORTETI\Desktop\AutomatizacionServicios\target\surefire-reports\src.test.resources.features.Login.json' contains 1 features
Sep 13, 2020 3:40:23 PM net.masterthought.cucumber.ReportParser parseJsonFiles
INFO: File 'C:\Users\SOPORTETI\Desktop\AutomatizacionServicios\target\surefire-reports\src.test.resources.features.Registro.json' contains 1 features
]]></system-err>
</testsuite>
