<testsuite failures="5" name="src/test/resources/features/Registro.feature" skipped="0" tests="5" time="4.198019">
  <testcase classname="src.test.resources.features.Registro" name="Loguin Exitoso" time="1.594129">
    <failure message="Registro.feature:22 - status code was: 422, expected: 201, response time: 935, url: https://nodejs-qa-training.herokuapp.com/users/, response: {&quot;errors&quot;:[{&quot;code&quot;:&quot;entity_already_exists&quot;,&quot;message&quot;:&quot;Unable to create new user. The resource you are trying to create already exists&quot;}],&quot;timestamp&quot;:&quot;2020-09-10T07:05:53.478Z&quot;}">* def endPoint = 'https://nodejs-qa-training.herokuapp.com/' .............. passed
* def resource = '/users/' ................................................ passed
* def jsonParametroRegistroUsuario = ...................................... passed
Given url (endPoint) ...................................................... passed
And path (resource) ....................................................... passed
And request jsonParametroRegistroUsuario .................................. passed
When method Post .......................................................... passed
Then status 201 ........................................................... failed

Stack Trace:
com.intuit.karate.exception.KarateException: Registro.feature:22 - status code was: 422, expected: 201, response time: 935, url: https://nodejs-qa-training.herokuapp.com/users/, response: {"errors":[{"code":"entity_already_exists","message":"Unable to create new user. The resource you are trying to create already exists"}],"timestamp":"2020-09-10T07:05:53.478Z"}&#13;
	at ✽.Then status 201 (Registro.feature:22)&#13;

* print response .......................................................... skipped</failure>
  </testcase>
  <testcase classname="src.test.resources.features.Registro" name="Loguin Exitoso" time="0.663035">
    <failure message="Registro.feature:22 - status code was: 422, expected: 201, response time: 657, url: https://nodejs-qa-training.herokuapp.com/users/, response: {&quot;errors&quot;:[{&quot;code&quot;:&quot;entity_already_exists&quot;,&quot;message&quot;:&quot;Unable to create new user. The resource you are trying to create already exists&quot;}],&quot;timestamp&quot;:&quot;2020-09-10T07:05:54.161Z&quot;}">* def endPoint = 'https://nodejs-qa-training.herokuapp.com/' .............. passed
* def resource = '/users/' ................................................ passed
* def jsonParametroRegistroUsuario = ...................................... passed
Given url (endPoint) ...................................................... passed
And path (resource) ....................................................... passed
And request jsonParametroRegistroUsuario .................................. passed
When method Post .......................................................... passed
Then status 201 ........................................................... failed

Stack Trace:
com.intuit.karate.exception.KarateException: Registro.feature:22 - status code was: 422, expected: 201, response time: 935, url: https://nodejs-qa-training.herokuapp.com/users/, response: {"errors":[{"code":"entity_already_exists","message":"Unable to create new user. The resource you are trying to create already exists"}],"timestamp":"2020-09-10T07:05:53.478Z"}&#13;
	at ✽.Then status 201 (Registro.feature:22)&#13;

* print response .......................................................... skipped
* def endPoint = 'https://nodejs-qa-training.herokuapp.com/' .............. passed
* def resource = '/users/' ................................................ passed
* def jsonParametroRegistroUsuario = ...................................... passed
Given url (endPoint) ...................................................... passed
And path (resource) ....................................................... passed
And request jsonParametroRegistroUsuario .................................. passed
When method Post .......................................................... passed
Then status 201 ........................................................... failed

Stack Trace:
com.intuit.karate.exception.KarateException: Registro.feature:22 - status code was: 422, expected: 201, response time: 657, url: https://nodejs-qa-training.herokuapp.com/users/, response: {"errors":[{"code":"entity_already_exists","message":"Unable to create new user. The resource you are trying to create already exists"}],"timestamp":"2020-09-10T07:05:54.161Z"}&#13;
	at ✽.Then status 201 (Registro.feature:22)&#13;

* print response .......................................................... skipped</failure>
  </testcase>
  <testcase classname="src.test.resources.features.Registro" name="Loguin Exitoso" time="0.661717">
    <failure message="Registro.feature:22 - status code was: 422, expected: 201, response time: 650, url: https://nodejs-qa-training.herokuapp.com/users/, response: {&quot;errors&quot;:[{&quot;code&quot;:&quot;entity_already_exists&quot;,&quot;message&quot;:&quot;Unable to create new user. The resource you are trying to create already exists&quot;}],&quot;timestamp&quot;:&quot;2020-09-10T07:05:54.165Z&quot;}">* def endPoint = 'https://nodejs-qa-training.herokuapp.com/' .............. passed
* def resource = '/users/' ................................................ passed
* def jsonParametroRegistroUsuario = ...................................... passed
Given url (endPoint) ...................................................... passed
And path (resource) ....................................................... passed
And request jsonParametroRegistroUsuario .................................. passed
When method Post .......................................................... passed
Then status 201 ........................................................... failed

Stack Trace:
com.intuit.karate.exception.KarateException: Registro.feature:22 - status code was: 422, expected: 201, response time: 935, url: https://nodejs-qa-training.herokuapp.com/users/, response: {"errors":[{"code":"entity_already_exists","message":"Unable to create new user. The resource you are trying to create already exists"}],"timestamp":"2020-09-10T07:05:53.478Z"}&#13;
	at ✽.Then status 201 (Registro.feature:22)&#13;

* print response .......................................................... skipped
* def endPoint = 'https://nodejs-qa-training.herokuapp.com/' .............. passed
* def resource = '/users/' ................................................ passed
* def jsonParametroRegistroUsuario = ...................................... passed
Given url (endPoint) ...................................................... passed
And path (resource) ....................................................... passed
And request jsonParametroRegistroUsuario .................................. passed
When method Post .......................................................... passed
Then status 201 ........................................................... failed

Stack Trace:
com.intuit.karate.exception.KarateException: Registro.feature:22 - status code was: 422, expected: 201, response time: 657, url: https://nodejs-qa-training.herokuapp.com/users/, response: {"errors":[{"code":"entity_already_exists","message":"Unable to create new user. The resource you are trying to create already exists"}],"timestamp":"2020-09-10T07:05:54.161Z"}&#13;
	at ✽.Then status 201 (Registro.feature:22)&#13;

* print response .......................................................... skipped
* def endPoint = 'https://nodejs-qa-training.herokuapp.com/' .............. passed
* def resource = '/users/' ................................................ passed
* def jsonParametroRegistroUsuario = ...................................... passed
Given url (endPoint) ...................................................... passed
And path (resource) ....................................................... passed
And request jsonParametroRegistroUsuario .................................. passed
When method Post .......................................................... passed
Then status 201 ........................................................... failed

Stack Trace:
com.intuit.karate.exception.KarateException: Registro.feature:22 - status code was: 422, expected: 201, response time: 650, url: https://nodejs-qa-training.herokuapp.com/users/, response: {"errors":[{"code":"entity_already_exists","message":"Unable to create new user. The resource you are trying to create already exists"}],"timestamp":"2020-09-10T07:05:54.165Z"}&#13;
	at ✽.Then status 201 (Registro.feature:22)&#13;

* print response .......................................................... skipped</failure>
  </testcase>
  <testcase classname="src.test.resources.features.Registro" name="Loguin Exitoso" time="0.644392">
    <failure message="Registro.feature:22 - status code was: 422, expected: 201, response time: 638, url: https://nodejs-qa-training.herokuapp.com/users/, response: {&quot;errors&quot;:[{&quot;code&quot;:&quot;entity_already_exists&quot;,&quot;message&quot;:&quot;Unable to create new user. The resource you are trying to create already exists&quot;}],&quot;timestamp&quot;:&quot;2020-09-10T07:05:54.826Z&quot;}">* def endPoint = 'https://nodejs-qa-training.herokuapp.com/' .............. passed
* def resource = '/users/' ................................................ passed
* def jsonParametroRegistroUsuario = ...................................... passed
Given url (endPoint) ...................................................... passed
And path (resource) ....................................................... passed
And request jsonParametroRegistroUsuario .................................. passed
When method Post .......................................................... passed
Then status 201 ........................................................... failed

Stack Trace:
com.intuit.karate.exception.KarateException: Registro.feature:22 - status code was: 422, expected: 201, response time: 935, url: https://nodejs-qa-training.herokuapp.com/users/, response: {"errors":[{"code":"entity_already_exists","message":"Unable to create new user. The resource you are trying to create already exists"}],"timestamp":"2020-09-10T07:05:53.478Z"}&#13;
	at ✽.Then status 201 (Registro.feature:22)&#13;

* print response .......................................................... skipped
* def endPoint = 'https://nodejs-qa-training.herokuapp.com/' .............. passed
* def resource = '/users/' ................................................ passed
* def jsonParametroRegistroUsuario = ...................................... passed
Given url (endPoint) ...................................................... passed
And path (resource) ....................................................... passed
And request jsonParametroRegistroUsuario .................................. passed
When method Post .......................................................... passed
Then status 201 ........................................................... failed

Stack Trace:
com.intuit.karate.exception.KarateException: Registro.feature:22 - status code was: 422, expected: 201, response time: 657, url: https://nodejs-qa-training.herokuapp.com/users/, response: {"errors":[{"code":"entity_already_exists","message":"Unable to create new user. The resource you are trying to create already exists"}],"timestamp":"2020-09-10T07:05:54.161Z"}&#13;
	at ✽.Then status 201 (Registro.feature:22)&#13;

* print response .......................................................... skipped
* def endPoint = 'https://nodejs-qa-training.herokuapp.com/' .............. passed
* def resource = '/users/' ................................................ passed
* def jsonParametroRegistroUsuario = ...................................... passed
Given url (endPoint) ...................................................... passed
And path (resource) ....................................................... passed
And request jsonParametroRegistroUsuario .................................. passed
When method Post .......................................................... passed
Then status 201 ........................................................... failed

Stack Trace:
com.intuit.karate.exception.KarateException: Registro.feature:22 - status code was: 422, expected: 201, response time: 650, url: https://nodejs-qa-training.herokuapp.com/users/, response: {"errors":[{"code":"entity_already_exists","message":"Unable to create new user. The resource you are trying to create already exists"}],"timestamp":"2020-09-10T07:05:54.165Z"}&#13;
	at ✽.Then status 201 (Registro.feature:22)&#13;

* print response .......................................................... skipped
* def endPoint = 'https://nodejs-qa-training.herokuapp.com/' .............. passed
* def resource = '/users/' ................................................ passed
* def jsonParametroRegistroUsuario = ...................................... passed
Given url (endPoint) ...................................................... passed
And path (resource) ....................................................... passed
And request jsonParametroRegistroUsuario .................................. passed
When method Post .......................................................... passed
Then status 201 ........................................................... failed

Stack Trace:
com.intuit.karate.exception.KarateException: Registro.feature:22 - status code was: 422, expected: 201, response time: 638, url: https://nodejs-qa-training.herokuapp.com/users/, response: {"errors":[{"code":"entity_already_exists","message":"Unable to create new user. The resource you are trying to create already exists"}],"timestamp":"2020-09-10T07:05:54.826Z"}&#13;
	at ✽.Then status 201 (Registro.feature:22)&#13;

* print response .......................................................... skipped</failure>
  </testcase>
  <testcase classname="src.test.resources.features.Registro" name="Loguin Exitoso" time="0.634746">
    <failure message="Registro.feature:22 - status code was: 422, expected: 201, response time: 630, url: https://nodejs-qa-training.herokuapp.com/users/, response: {&quot;errors&quot;:[{&quot;code&quot;:&quot;entity_already_exists&quot;,&quot;message&quot;:&quot;Unable to create new user. The resource you are trying to create already exists&quot;}],&quot;timestamp&quot;:&quot;2020-09-10T07:05:54.824Z&quot;}">* def endPoint = 'https://nodejs-qa-training.herokuapp.com/' .............. passed
* def resource = '/users/' ................................................ passed
* def jsonParametroRegistroUsuario = ...................................... passed
Given url (endPoint) ...................................................... passed
And path (resource) ....................................................... passed
And request jsonParametroRegistroUsuario .................................. passed
When method Post .......................................................... passed
Then status 201 ........................................................... failed

Stack Trace:
com.intuit.karate.exception.KarateException: Registro.feature:22 - status code was: 422, expected: 201, response time: 935, url: https://nodejs-qa-training.herokuapp.com/users/, response: {"errors":[{"code":"entity_already_exists","message":"Unable to create new user. The resource you are trying to create already exists"}],"timestamp":"2020-09-10T07:05:53.478Z"}&#13;
	at ✽.Then status 201 (Registro.feature:22)&#13;

* print response .......................................................... skipped
* def endPoint = 'https://nodejs-qa-training.herokuapp.com/' .............. passed
* def resource = '/users/' ................................................ passed
* def jsonParametroRegistroUsuario = ...................................... passed
Given url (endPoint) ...................................................... passed
And path (resource) ....................................................... passed
And request jsonParametroRegistroUsuario .................................. passed
When method Post .......................................................... passed
Then status 201 ........................................................... failed

Stack Trace:
com.intuit.karate.exception.KarateException: Registro.feature:22 - status code was: 422, expected: 201, response time: 657, url: https://nodejs-qa-training.herokuapp.com/users/, response: {"errors":[{"code":"entity_already_exists","message":"Unable to create new user. The resource you are trying to create already exists"}],"timestamp":"2020-09-10T07:05:54.161Z"}&#13;
	at ✽.Then status 201 (Registro.feature:22)&#13;

* print response .......................................................... skipped
* def endPoint = 'https://nodejs-qa-training.herokuapp.com/' .............. passed
* def resource = '/users/' ................................................ passed
* def jsonParametroRegistroUsuario = ...................................... passed
Given url (endPoint) ...................................................... passed
And path (resource) ....................................................... passed
And request jsonParametroRegistroUsuario .................................. passed
When method Post .......................................................... passed
Then status 201 ........................................................... failed

Stack Trace:
com.intuit.karate.exception.KarateException: Registro.feature:22 - status code was: 422, expected: 201, response time: 650, url: https://nodejs-qa-training.herokuapp.com/users/, response: {"errors":[{"code":"entity_already_exists","message":"Unable to create new user. The resource you are trying to create already exists"}],"timestamp":"2020-09-10T07:05:54.165Z"}&#13;
	at ✽.Then status 201 (Registro.feature:22)&#13;

* print response .......................................................... skipped
* def endPoint = 'https://nodejs-qa-training.herokuapp.com/' .............. passed
* def resource = '/users/' ................................................ passed
* def jsonParametroRegistroUsuario = ...................................... passed
Given url (endPoint) ...................................................... passed
And path (resource) ....................................................... passed
And request jsonParametroRegistroUsuario .................................. passed
When method Post .......................................................... passed
Then status 201 ........................................................... failed

Stack Trace:
com.intuit.karate.exception.KarateException: Registro.feature:22 - status code was: 422, expected: 201, response time: 638, url: https://nodejs-qa-training.herokuapp.com/users/, response: {"errors":[{"code":"entity_already_exists","message":"Unable to create new user. The resource you are trying to create already exists"}],"timestamp":"2020-09-10T07:05:54.826Z"}&#13;
	at ✽.Then status 201 (Registro.feature:22)&#13;

* print response .......................................................... skipped
* def endPoint = 'https://nodejs-qa-training.herokuapp.com/' .............. passed
* def resource = '/users/' ................................................ passed
* def jsonParametroRegistroUsuario = ...................................... passed
Given url (endPoint) ...................................................... passed
And path (resource) ....................................................... passed
And request jsonParametroRegistroUsuario .................................. passed
When method Post .......................................................... passed
Then status 201 ........................................................... failed

Stack Trace:
com.intuit.karate.exception.KarateException: Registro.feature:22 - status code was: 422, expected: 201, response time: 630, url: https://nodejs-qa-training.herokuapp.com/users/, response: {"errors":[{"code":"entity_already_exists","message":"Unable to create new user. The resource you are trying to create already exists"}],"timestamp":"2020-09-10T07:05:54.824Z"}&#13;
	at ✽.Then status 201 (Registro.feature:22)&#13;

* print response .......................................................... skipped</failure>
  </testcase>
</testsuite>
