<testsuite failures="0" name="src/test/resources/features/ComprarAlbum.feature" skipped="0" tests="3" time="4.748379">
  <testcase classname="src.test.resources.features.ComprarAlbum" name="Comprar album existente" time="2.658292">
    <system-out>* def endPoint = 'https://nodejs-qa-training.herokuapp.com/' .............. passed
* def getResponseLoguin = call read('Login.feature@FlujoExitoso') ......... passed
* def jsonParametroComprarAlbum = ......................................... passed
Given url (endPoint) ...................................................... passed
And path 'albums/23' ...................................................... passed
And request jsonParametroComprarAlbum ..................................... passed
And header Authorization = (getResponseLoguin).responseHeaders['Authorization'][0] . passed
When method Post .......................................................... passed
Then status 201 ........................................................... passed
* print response .......................................................... passed</system-out>
  </testcase>
  <testcase classname="src.test.resources.features.ComprarAlbum" name="Comprar album no existente" time="0.96524">
    <system-out>* def endPoint = 'https://nodejs-qa-training.herokuapp.com/' .............. passed
* def getResponseLoguin = call read('Login.feature@FlujoExitoso') ......... passed
* def jsonParametroComprarAlbum = ......................................... passed
Given url (endPoint) ...................................................... passed
And path 'albums/23' ...................................................... passed
And request jsonParametroComprarAlbum ..................................... passed
And header Authorization = (getResponseLoguin).responseHeaders['Authorization'][0] . passed
When method Post .......................................................... passed
Then status 201 ........................................................... passed
* print response .......................................................... passed
* def endPoint = 'https://nodejs-qa-training.herokuapp.com/' .............. passed
* def getResponseLoguin = call read('Login.feature@FlujoExitoso') ......... passed
* def jsonParametroComprarAlbum = ......................................... passed
Given url (endPoint) ...................................................... passed
And path 'albums/'+999 .................................................... passed
And request jsonParametroComprarAlbum ..................................... passed
And header Authorization = (getResponseLoguin).responseHeaders['Authorization'][0] . passed
When method Post .......................................................... passed
Then status 404 ........................................................... passed
* def jsonBodyResposeValidate = read('../jsons/JsonErrorBodyResponseValidate.json') . passed
And match response == jsonBodyResposeValidate ............................. passed
* print response .......................................................... passed</system-out>
  </testcase>
  <testcase classname="src.test.resources.features.ComprarAlbum" name="Comprar album que ya fue comprado" time="1.124847">
    <system-out>* def endPoint = 'https://nodejs-qa-training.herokuapp.com/' .............. passed
* def getResponseLoguin = call read('Login.feature@FlujoExitoso') ......... passed
* def jsonParametroComprarAlbum = ......................................... passed
Given url (endPoint) ...................................................... passed
And path 'albums/23' ...................................................... passed
And request jsonParametroComprarAlbum ..................................... passed
And header Authorization = (getResponseLoguin).responseHeaders['Authorization'][0] . passed
When method Post .......................................................... passed
Then status 201 ........................................................... passed
* print response .......................................................... passed
* def endPoint = 'https://nodejs-qa-training.herokuapp.com/' .............. passed
* def getResponseLoguin = call read('Login.feature@FlujoExitoso') ......... passed
* def jsonParametroComprarAlbum = ......................................... passed
Given url (endPoint) ...................................................... passed
And path 'albums/'+999 .................................................... passed
And request jsonParametroComprarAlbum ..................................... passed
And header Authorization = (getResponseLoguin).responseHeaders['Authorization'][0] . passed
When method Post .......................................................... passed
Then status 404 ........................................................... passed
* def jsonBodyResposeValidate = read('../jsons/JsonErrorBodyResponseValidate.json') . passed
And match response == jsonBodyResposeValidate ............................. passed
* print response .......................................................... passed
* def endPoint = 'https://nodejs-qa-training.herokuapp.com/' .............. passed
* def getResponseLoguin = call read('Login.feature@FlujoExitoso') ......... passed
* def jsonParametroComprarAlbum = ......................................... passed
Given url (endPoint) ...................................................... passed
And path 'albums/'+6 ...................................................... passed
And request jsonParametroComprarAlbum ..................................... passed
And header Authorization = (getResponseLoguin).responseHeaders['Authorization'][0] . passed
When method Post .......................................................... passed
Then status 422 ........................................................... passed
* def jsonBodyResposeValidate = read('../jsons/JsonErrorBodyResponseValidate.json') . passed
And match response == jsonBodyResposeValidate ............................. passed
* print response .......................................................... passed</system-out>
  </testcase>
</testsuite>
