<testsuite failures="0" name="src/test/resources/features/ListaAlbumesComprados.feature" skipped="0" tests="1" time="0.936229">
  <testcase classname="src.test.resources.features.ListaAlbumesComprados" name="Listar albumes comprados por el usuario" time="0.936229">
    <system-out>* def endPoint = 'https://nodejs-qa-training.herokuapp.com/' .............. passed
* def getResponseLoguin = call read('Login.feature@FlujoExitoso') ......... passed
Given url (endPoint) ...................................................... passed
And path '/users/'+getResponseLoguin.response.user_id+'/albums' ........... passed
And header Authorization = (getResponseLoguin).responseHeaders['Authorization'][0] . passed
When method Get ........................................................... passed
Then status 200 ........................................................... passed
* def jsonBodyResposeValidate = read('../jsons/JsonListaAlbumesCompradosBodyResponseValidate.json') . passed
And match each response == jsonBodyResposeValidate ........................ passed
* print response .......................................................... passed</system-out>
  </testcase>
</testsuite>
