<testsuite failures="0" name="src/test/resources/features/Registro.feature" skipped="0" tests="4" time="3.052505">
  <testcase classname="src.test.resources.features.Registro" name="Registro Exitoso" time="1.707807">
    <system-out>* def endPoint = 'https://nodejs-qa-training.herokuapp.com/' .............. passed
* def resource = '/users/' ................................................ passed
* def jsonParametroRegistroUsuario = ...................................... passed
Given url (endPoint) ...................................................... passed
And path (resource) ....................................................... passed
And request jsonParametroRegistroUsuario .................................. passed
When method Post .......................................................... passed
Then status 201 ........................................................... passed
* print response .......................................................... passed</system-out>
  </testcase>
  <testcase classname="src.test.resources.features.Registro" name="Registro Fallido - Usuario existente" time="0.489818">
    <system-out>* def endPoint = 'https://nodejs-qa-training.herokuapp.com/' .............. passed
* def resource = '/users/' ................................................ passed
* def jsonParametroRegistroUsuario = ...................................... passed
Given url (endPoint) ...................................................... passed
And path (resource) ....................................................... passed
And request jsonParametroRegistroUsuario .................................. passed
When method Post .......................................................... passed
Then status 201 ........................................................... passed
* print response .......................................................... passed
* def endPoint = 'https://nodejs-qa-training.herokuapp.com/' .............. passed
* def resource = '/users/' ................................................ passed
* def jsonParametroRegistroUsuario = ...................................... passed
Given url (endPoint) ...................................................... passed
And path (resource) ....................................................... passed
And request jsonParametroRegistroUsuario .................................. passed
When method Post .......................................................... passed
Then status 422 ........................................................... passed
* def jsonBodyResposeValidate = read('../jsons/JsonErrorBodyResponseValidate.json') . passed
And match response == jsonBodyResposeValidate ............................. passed
* print response .......................................................... passed</system-out>
  </testcase>
  <testcase classname="src.test.resources.features.Registro" name="Registro Fallido - Estructura Password incorrecta - Tamaño" time="0.358827">
    <system-out>* def endPoint = 'https://nodejs-qa-training.herokuapp.com/' .............. passed
* def resource = '/users/' ................................................ passed
* def jsonParametroRegistroUsuario = ...................................... passed
Given url (endPoint) ...................................................... passed
And path (resource) ....................................................... passed
And request jsonParametroRegistroUsuario .................................. passed
When method Post .......................................................... passed
Then status 201 ........................................................... passed
* print response .......................................................... passed
* def endPoint = 'https://nodejs-qa-training.herokuapp.com/' .............. passed
* def resource = '/users/' ................................................ passed
* def jsonParametroRegistroUsuario = ...................................... passed
Given url (endPoint) ...................................................... passed
And path (resource) ....................................................... passed
And request jsonParametroRegistroUsuario .................................. passed
When method Post .......................................................... passed
Then status 422 ........................................................... passed
* def jsonBodyResposeValidate = read('../jsons/JsonErrorBodyResponseValidate.json') . passed
And match response == jsonBodyResposeValidate ............................. passed
* print response .......................................................... passed
* def endPoint = 'https://nodejs-qa-training.herokuapp.com/' .............. passed
* def resource = '/users/' ................................................ passed
* def jsonParametroRegistroUsuario = ...................................... passed
Given url (endPoint) ...................................................... passed
And path (resource) ....................................................... passed
And request jsonParametroRegistroUsuario .................................. passed
When method Post .......................................................... passed
Then status 422 ........................................................... passed
* def jsonBodyResposeValidate = read('../jsons/JsonErrorBodyResponseValidate.json') . passed
And match response == jsonBodyResposeValidate ............................. passed
* print response .......................................................... passed</system-out>
  </testcase>
  <testcase classname="src.test.resources.features.Registro" name="Registro Fallido - Estructura Password incorrecta - Formato" time="0.496053">
    <system-out>* def endPoint = 'https://nodejs-qa-training.herokuapp.com/' .............. passed
* def resource = '/users/' ................................................ passed
* def jsonParametroRegistroUsuario = ...................................... passed
Given url (endPoint) ...................................................... passed
And path (resource) ....................................................... passed
And request jsonParametroRegistroUsuario .................................. passed
When method Post .......................................................... passed
Then status 201 ........................................................... passed
* print response .......................................................... passed
* def endPoint = 'https://nodejs-qa-training.herokuapp.com/' .............. passed
* def resource = '/users/' ................................................ passed
* def jsonParametroRegistroUsuario = ...................................... passed
Given url (endPoint) ...................................................... passed
And path (resource) ....................................................... passed
And request jsonParametroRegistroUsuario .................................. passed
When method Post .......................................................... passed
Then status 422 ........................................................... passed
* def jsonBodyResposeValidate = read('../jsons/JsonErrorBodyResponseValidate.json') . passed
And match response == jsonBodyResposeValidate ............................. passed
* print response .......................................................... passed
* def endPoint = 'https://nodejs-qa-training.herokuapp.com/' .............. passed
* def resource = '/users/' ................................................ passed
* def jsonParametroRegistroUsuario = ...................................... passed
Given url (endPoint) ...................................................... passed
And path (resource) ....................................................... passed
And request jsonParametroRegistroUsuario .................................. passed
When method Post .......................................................... passed
Then status 422 ........................................................... passed
* def jsonBodyResposeValidate = read('../jsons/JsonErrorBodyResponseValidate.json') . passed
And match response == jsonBodyResposeValidate ............................. passed
* print response .......................................................... passed
* def endPoint = 'https://nodejs-qa-training.herokuapp.com/' .............. passed
* def resource = '/users/' ................................................ passed
* def jsonParametroRegistroUsuario = ...................................... passed
Given url (endPoint) ...................................................... passed
And path (resource) ....................................................... passed
And request jsonParametroRegistroUsuario .................................. passed
When method Post .......................................................... passed
Then status 422 ........................................................... passed
* def jsonBodyResposeValidate = read('../jsons/JsonErrorBodyResponseValidate.json') . passed
And match response == jsonBodyResposeValidate ............................. passed
* print response .......................................................... passed</system-out>
  </testcase>
</testsuite>
